<?xml version="1.0" encoding="UTF-8"?>
<!-- Generated by org.testng.reporters.JUnitXMLReporter -->
<testsuite ignored="3" hostname="DESKTOP-9H86UB9" failures="0" tests="6" name="ParallelClassTest" time="0.477" errors="0" timestamp="2023-03-21T10:10:25 GST">
  <testcase classname="com.POS.BaseClass.BaseClass" name="@BeforeMethod beforeMethods" time="-1.679379023837E9">
    <failure type="org.testng.TestNGException" message="
Parameter &amp;apos;Browser&amp;apos; is required by BeforeMethod on method beforeMethods but has not been marked @Optional or defined
in D:\GitProjects\AutomationTraining\QALegend\parallelclass.xml">
      <![CDATA[org.testng.TestNGException: 
Parameter 'Browser' is required by BeforeMethod on method beforeMethods but has not been marked @Optional or defined
in D:\GitProjects\AutomationTraining\QALegend\parallelclass.xml
at java.base/java.util.concurrent.ThreadPoolExecutor.runWorker(ThreadPoolExecutor.java:1136)
at java.base/java.util.concurrent.ThreadPoolExecutor$Worker.run(ThreadPoolExecutor.java:635)
at java.base/java.lang.Thread.run(Thread.java:833)
... Removed 13 stack frames]]>
    </failure>
  </testcase> <!-- @BeforeMethod beforeMethods -->
  <testcase classname="com.POS.BaseClass.BaseClass" name="@AfterMethod afterMethod" time="0.0">
    <skipped/>
  </testcase> <!-- @AfterMethod afterMethod -->
  <testcase classname="com.POS.BaseClass.BaseClass" name="@BeforeMethod beforeMethods" time="0.0">
    <skipped/>
  </testcase> <!-- @BeforeMethod beforeMethods -->
  <testcase classname="com.POS.BaseClass.BaseClass" name="@AfterMethod afterMethod" time="0.0">
    <skipped/>
  </testcase> <!-- @AfterMethod afterMethod -->
  <testcase classname="com.POS.BaseClass.BaseClass" name="@BeforeMethod beforeMethods" time="-1.679379024011E9">
    <failure type="org.testng.TestNGException" message="
Parameter &amp;apos;Browser&amp;apos; is required by BeforeMethod on method beforeMethods but has not been marked @Optional or defined
in D:\GitProjects\AutomationTraining\QALegend\parallelclass.xml">
      <![CDATA[org.testng.TestNGException: 
Parameter 'Browser' is required by BeforeMethod on method beforeMethods but has not been marked @Optional or defined
in D:\GitProjects\AutomationTraining\QALegend\parallelclass.xml
at java.base/java.util.concurrent.ThreadPoolExecutor.runWorker(ThreadPoolExecutor.java:1136)
at java.base/java.util.concurrent.ThreadPoolExecutor$Worker.run(ThreadPoolExecutor.java:635)
at java.base/java.lang.Thread.run(Thread.java:833)
... Removed 13 stack frames]]>
    </failure>
  </testcase> <!-- @BeforeMethod beforeMethods -->
  <testcase classname="com.POS.BaseClass.BaseClass" name="@AfterMethod afterMethod" time="0.0">
    <skipped/>
  </testcase> <!-- @AfterMethod afterMethod -->
  <testcase classname="com.POS.BaseClass.BaseClass" name="@BeforeMethod beforeMethods" time="0.0">
    <skipped/>
  </testcase> <!-- @BeforeMethod beforeMethods -->
  <testcase classname="com.POS.BaseClass.BaseClass" name="@AfterMethod afterMethod" time="0.0">
    <skipped/>
  </testcase> <!-- @AfterMethod afterMethod -->
  <testcase classname="com.POS.BaseClass.BaseClass" name="@BeforeMethod beforeMethods" time="0.0">
    <skipped/>
  </testcase> <!-- @BeforeMethod beforeMethods -->
  <testcase classname="com.POS.BaseClass.BaseClass" name="@AfterMethod afterMethod" time="0.0">
    <skipped/>
  </testcase> <!-- @AfterMethod afterMethod -->
  <testcase classname="com.POS.BaseClass.BaseClass" name="@BeforeMethod beforeMethods" time="0.0">
    <skipped/>
  </testcase> <!-- @BeforeMethod beforeMethods -->
  <testcase classname="com.POS.BaseClass.BaseClass" name="@AfterMethod afterMethod" time="0.0">
    <skipped/>
  </testcase> <!-- @AfterMethod afterMethod -->
  <testcase classname="com.POS.Testcases.VerifyCategoryTest" name="validateCatTblHeaders" time="0.0">
    <skipped/>
  </testcase> <!-- validateCatTblHeaders -->
  <testcase classname="com.POS.Testcases.VerifyCategoryTest" name="validateAddCategory" time="0.0">
    <skipped/>
  </testcase> <!-- validateAddCategory -->
  <testcase classname="com.POS.Testcases.VerifyHomePageTest" name="validateElementsDisplay" time="0.0">
    <skipped/>
  </testcase> <!-- validateElementsDisplay -->
  <testcase classname="com.POS.Testcases.VerifyHomePageTest" name="validateLanguageSelection" time="0.0">
    <skipped/>
  </testcase> <!-- validateLanguageSelection -->
  <testcase classname="com.POS.Testcases.VerifyHomePageTest" name="validateMenuDisplay" time="0.0">
    <skipped/>
  </testcase> <!-- validateMenuDisplay -->
  <testcase classname="com.POS.Testcases.VerifyHomePageTest" name="validateMenuClick" time="0.001">
    <skipped/>
  </testcase> <!-- validateMenuClick -->
  <testcase classname="com.POS.BaseClass.BaseClass" name="@AfterSuite tearDown" time="0.0">
    <ignored/>
  </testcase> <!-- @AfterSuite tearDown -->
  <testcase classname="com.POS.BaseClass.BaseClass" name="@BeforeSuite loadFiles" time="0.0">
    <ignored/>
  </testcase> <!-- @BeforeSuite loadFiles -->
  <testcase classname="com.POS.BaseClass.BaseClass" name="@BeforeTest loadConfig" time="0.0">
    <ignored/>
  </testcase> <!-- @BeforeTest loadConfig -->
</testsuite> <!-- ParallelClassTest -->
