<?xml version="1.0" encoding="UTF-8"?>
<testng-results skipped="0" failed="6" ignored="21" total="58" passed="31">
  <reporter-output>
  </reporter-output>
  <suite name="RestaurantSuite" duration-ms="1466074" started-at="2023-03-17T09:23:56 GST" finished-at="2023-03-17T09:48:22 GST">
    <groups>
      <group name="Smoke">
        <method signature="VerifyStoreTest.validateTableHeaders()[pri:0, instance:com.POS.Testcases.VerifyStoreTest@75881071]" name="validateTableHeaders" class="com.POS.Testcases.VerifyStoreTest"/>
        <method signature="VerifyHomePageTest.validateElementsDisplay()[pri:1, instance:com.POS.Testcases.VerifyHomePageTest@c81cdd1]" name="validateElementsDisplay" class="com.POS.Testcases.VerifyHomePageTest"/>
        <method signature="VerifyProductPageTest.validateShowPdtTblCount()[pri:1, instance:com.POS.Testcases.VerifyProductPageTest@1fc2b765]" name="validateShowPdtTblCount" class="com.POS.Testcases.VerifyProductPageTest"/>
        <method signature="VerifyHomePageTest.validateLanguageSelection()[pri:2, instance:com.POS.Testcases.VerifyHomePageTest@c81cdd1]" name="validateLanguageSelection" class="com.POS.Testcases.VerifyHomePageTest"/>
        <method signature="VerifyHomePageTest.validateMenuDisplay()[pri:3, instance:com.POS.Testcases.VerifyHomePageTest@c81cdd1]" name="validateMenuDisplay" class="com.POS.Testcases.VerifyHomePageTest"/>
        <method signature="VerifyHomePageTest.validateMenuClick()[pri:4, instance:com.POS.Testcases.VerifyHomePageTest@c81cdd1]" name="validateMenuClick" class="com.POS.Testcases.VerifyHomePageTest"/>
      </group> <!-- Smoke -->
    </groups>
    <test name="Test" duration-ms="1466074" started-at="2023-03-17T09:23:56 GST" finished-at="2023-03-17T09:48:22 GST">
      <class name="com.POS.Testcases.VerifyHomePageTest">
        <test-method status="PASS" signature="beforeMethods(java.lang.String)[pri:0, instance:com.POS.Testcases.VerifyHomePageTest@c81cdd1]" name="beforeMethods" is-config="true" duration-ms="11123" started-at="2023-03-17T09:26:11 GST" finished-at="2023-03-17T09:26:22 GST">
          <params>
            <param index="0">
              <value>
                <![CDATA[Edge]]>
              </value>
            </param>
          </params>
          <reporter-output>
          </reporter-output>
        </test-method> <!-- beforeMethods -->
        <test-method status="PASS" signature="validateElementsDisplay()[pri:1, instance:com.POS.Testcases.VerifyHomePageTest@c81cdd1]" name="validateElementsDisplay" duration-ms="4397" started-at="2023-03-17T09:26:22 GST" finished-at="2023-03-17T09:26:27 GST">
          <reporter-output>
          </reporter-output>
        </test-method> <!-- validateElementsDisplay -->
        <test-method status="PASS" signature="afterMethod()[pri:0, instance:com.POS.Testcases.VerifyHomePageTest@c81cdd1]" name="afterMethod" is-config="true" duration-ms="804" started-at="2023-03-17T09:26:27 GST" finished-at="2023-03-17T09:26:27 GST">
          <reporter-output>
          </reporter-output>
        </test-method> <!-- afterMethod -->
        <test-method status="PASS" signature="beforeMethods(java.lang.String)[pri:0, instance:com.POS.Testcases.VerifyHomePageTest@c81cdd1]" name="beforeMethods" is-config="true" duration-ms="10064" started-at="2023-03-17T09:26:27 GST" finished-at="2023-03-17T09:26:37 GST">
          <params>
            <param index="0">
              <value>
                <![CDATA[Edge]]>
              </value>
            </param>
          </params>
          <reporter-output>
          </reporter-output>
        </test-method> <!-- beforeMethods -->
        <test-method status="PASS" signature="validateLanguageSelection()[pri:2, instance:com.POS.Testcases.VerifyHomePageTest@c81cdd1]" name="validateLanguageSelection" duration-ms="5995" started-at="2023-03-17T09:26:37 GST" finished-at="2023-03-17T09:26:43 GST">
          <reporter-output>
          </reporter-output>
        </test-method> <!-- validateLanguageSelection -->
        <test-method status="PASS" signature="afterMethod()[pri:0, instance:com.POS.Testcases.VerifyHomePageTest@c81cdd1]" name="afterMethod" is-config="true" duration-ms="782" started-at="2023-03-17T09:26:43 GST" finished-at="2023-03-17T09:26:44 GST">
          <reporter-output>
          </reporter-output>
        </test-method> <!-- afterMethod -->
        <test-method status="PASS" signature="beforeMethods(java.lang.String)[pri:0, instance:com.POS.Testcases.VerifyHomePageTest@c81cdd1]" name="beforeMethods" is-config="true" duration-ms="11347" started-at="2023-03-17T09:26:44 GST" finished-at="2023-03-17T09:26:56 GST">
          <params>
            <param index="0">
              <value>
                <![CDATA[Edge]]>
              </value>
            </param>
          </params>
          <reporter-output>
          </reporter-output>
        </test-method> <!-- beforeMethods -->
        <test-method status="PASS" signature="validateMenuDisplay()[pri:3, instance:com.POS.Testcases.VerifyHomePageTest@c81cdd1]" name="validateMenuDisplay" duration-ms="32194" started-at="2023-03-17T09:26:56 GST" finished-at="2023-03-17T09:27:28 GST">
          <reporter-output>
          </reporter-output>
        </test-method> <!-- validateMenuDisplay -->
        <test-method status="PASS" signature="afterMethod()[pri:0, instance:com.POS.Testcases.VerifyHomePageTest@c81cdd1]" name="afterMethod" is-config="true" duration-ms="725" started-at="2023-03-17T09:27:28 GST" finished-at="2023-03-17T09:27:29 GST">
          <reporter-output>
          </reporter-output>
        </test-method> <!-- afterMethod -->
        <test-method status="PASS" signature="beforeMethods(java.lang.String)[pri:0, instance:com.POS.Testcases.VerifyHomePageTest@c81cdd1]" name="beforeMethods" is-config="true" duration-ms="6285" started-at="2023-03-17T09:27:29 GST" finished-at="2023-03-17T09:27:35 GST">
          <params>
            <param index="0">
              <value>
                <![CDATA[Edge]]>
              </value>
            </param>
          </params>
          <reporter-output>
          </reporter-output>
        </test-method> <!-- beforeMethods -->
        <test-method status="PASS" signature="validateMenuClick()[pri:4, instance:com.POS.Testcases.VerifyHomePageTest@c81cdd1]" name="validateMenuClick" duration-ms="16715" started-at="2023-03-17T09:27:35 GST" finished-at="2023-03-17T09:27:52 GST">
          <reporter-output>
          </reporter-output>
        </test-method> <!-- validateMenuClick -->
        <test-method status="PASS" signature="afterMethod()[pri:0, instance:com.POS.Testcases.VerifyHomePageTest@c81cdd1]" name="afterMethod" is-config="true" duration-ms="1070" started-at="2023-03-17T09:27:52 GST" finished-at="2023-03-17T09:27:53 GST">
          <reporter-output>
          </reporter-output>
        </test-method> <!-- afterMethod -->
      </class> <!-- com.POS.Testcases.VerifyHomePageTest -->
      <class name="com.POS.Testcases.VerifyWaiterTest">
        <test-method status="PASS" signature="beforeMethods(java.lang.String)[pri:0, instance:com.POS.Testcases.VerifyWaiterTest@289d1c02]" name="beforeMethods" is-config="true" duration-ms="6286" started-at="2023-03-17T09:38:43 GST" finished-at="2023-03-17T09:38:49 GST">
          <params>
            <param index="0">
              <value>
                <![CDATA[Edge]]>
              </value>
            </param>
          </params>
          <reporter-output>
          </reporter-output>
        </test-method> <!-- beforeMethods -->
        <test-method status="PASS" signature="validateShowCount()[pri:1, instance:com.POS.Testcases.VerifyWaiterTest@289d1c02]" name="validateShowCount" duration-ms="6177" started-at="2023-03-17T09:38:49 GST" finished-at="2023-03-17T09:38:55 GST">
          <reporter-output>
          </reporter-output>
        </test-method> <!-- validateShowCount -->
        <test-method status="PASS" signature="afterMethod()[pri:0, instance:com.POS.Testcases.VerifyWaiterTest@289d1c02]" name="afterMethod" is-config="true" duration-ms="740" started-at="2023-03-17T09:38:55 GST" finished-at="2023-03-17T09:38:56 GST">
          <reporter-output>
          </reporter-output>
        </test-method> <!-- afterMethod -->
        <test-method status="PASS" signature="beforeMethods(java.lang.String)[pri:0, instance:com.POS.Testcases.VerifyWaiterTest@289d1c02]" name="beforeMethods" is-config="true" duration-ms="4893" started-at="2023-03-17T09:38:56 GST" finished-at="2023-03-17T09:39:01 GST">
          <params>
            <param index="0">
              <value>
                <![CDATA[Edge]]>
              </value>
            </param>
          </params>
          <reporter-output>
          </reporter-output>
        </test-method> <!-- beforeMethods -->
        <test-method status="FAIL" signature="validateAddWaiter()[pri:2, instance:com.POS.Testcases.VerifyWaiterTest@289d1c02]" name="validateAddWaiter" duration-ms="112441" started-at="2023-03-17T09:39:01 GST" finished-at="2023-03-17T09:40:53 GST">
          <exception class="org.openqa.selenium.NoSuchElementException">
            <message>
              <![CDATA[no such element: Unable to locate element: {"method":"xpath","selector":"//button[@data-target='#AddWaiter']"}
  (Session info: MicrosoftEdge=111.0.1661.43)
For documentation on this error, please visit: https://selenium.dev/exceptions/#no_such_element
Build info: version: '4.7.2', revision: '4d4020c3b7'
System info: os.name: 'Windows 10', os.arch: 'amd64', os.version: '10.0', java.version: '1.8.0_201'
Driver info: org.openqa.selenium.edge.EdgeDriver
Command: [980a61c69f87ad19a56ae93ef8b95a95, findElement {using=xpath, value=//button[@data-target='#AddWaiter']}]
Capabilities {acceptInsecureCerts: false, browserName: msedge, browserVersion: 111.0.1661.43, ms:edgeOptions: {debuggerAddress: localhost:50235}, msedge: {msedgedriverVersion: 111.0.1661.43 (b6e9cbf64f5a..., userDataDir: C:\Users\Thomas\AppData\Loc...}, networkConnectionEnabled: false, pageLoadStrategy: normal, platformName: WINDOWS, proxy: Proxy(), se:cdp: ws://localhost:50235/devtoo..., se:cdpVersion: 111.0.1661.43, setWindowRect: true, strictFileInteractability: false, timeouts: {implicit: 0, pageLoad: 300000, script: 30000}, unhandledPromptBehavior: dismiss and notify, webauthn:extension:credBlob: true, webauthn:extension:largeBlob: true, webauthn:extension:minPinLength: true, webauthn:extension:prf: true, webauthn:virtualAuthenticators: true}
Session ID: 980a61c69f87ad19a56ae93ef8b95a95]]>
            </message>
            <full-stacktrace>
              <![CDATA[org.openqa.selenium.NoSuchElementException: no such element: Unable to locate element: {"method":"xpath","selector":"//button[@data-target='#AddWaiter']"}
  (Session info: MicrosoftEdge=111.0.1661.43)
For documentation on this error, please visit: https://selenium.dev/exceptions/#no_such_element
Build info: version: '4.7.2', revision: '4d4020c3b7'
System info: os.name: 'Windows 10', os.arch: 'amd64', os.version: '10.0', java.version: '1.8.0_201'
Driver info: org.openqa.selenium.edge.EdgeDriver
Command: [980a61c69f87ad19a56ae93ef8b95a95, findElement {using=xpath, value=//button[@data-target='#AddWaiter']}]
Capabilities {acceptInsecureCerts: false, browserName: msedge, browserVersion: 111.0.1661.43, ms:edgeOptions: {debuggerAddress: localhost:50235}, msedge: {msedgedriverVersion: 111.0.1661.43 (b6e9cbf64f5a..., userDataDir: C:\Users\Thomas\AppData\Loc...}, networkConnectionEnabled: false, pageLoadStrategy: normal, platformName: WINDOWS, proxy: Proxy(), se:cdp: ws://localhost:50235/devtoo..., se:cdpVersion: 111.0.1661.43, setWindowRect: true, strictFileInteractability: false, timeouts: {implicit: 0, pageLoad: 300000, script: 30000}, unhandledPromptBehavior: dismiss and notify, webauthn:extension:credBlob: true, webauthn:extension:largeBlob: true, webauthn:extension:minPinLength: true, webauthn:extension:prf: true, webauthn:virtualAuthenticators: true}
Session ID: 980a61c69f87ad19a56ae93ef8b95a95
at sun.reflect.GeneratedConstructorAccessor42.newInstance(Unknown Source)
at sun.reflect.DelegatingConstructorAccessorImpl.newInstance(DelegatingConstructorAccessorImpl.java:45)
at java.lang.reflect.Constructor.newInstance(Constructor.java:423)
at org.openqa.selenium.remote.codec.w3c.W3CHttpResponseCodec.createException(W3CHttpResponseCodec.java:200)
at org.openqa.selenium.remote.codec.w3c.W3CHttpResponseCodec.decode(W3CHttpResponseCodec.java:133)
at org.openqa.selenium.remote.codec.w3c.W3CHttpResponseCodec.decode(W3CHttpResponseCodec.java:53)
at org.openqa.selenium.remote.HttpCommandExecutor.execute(HttpCommandExecutor.java:184)
at org.openqa.selenium.remote.service.DriverCommandExecutor.invokeExecute(DriverCommandExecutor.java:167)
at org.openqa.selenium.remote.service.DriverCommandExecutor.execute(DriverCommandExecutor.java:142)
at org.openqa.selenium.remote.RemoteWebDriver.execute(RemoteWebDriver.java:535)
at org.openqa.selenium.remote.ElementLocation$ElementFinder$2.findElement(ElementLocation.java:162)
at org.openqa.selenium.remote.ElementLocation.findElement(ElementLocation.java:60)
at org.openqa.selenium.remote.RemoteWebDriver.findElement(RemoteWebDriver.java:351)
at org.openqa.selenium.remote.RemoteWebDriver.findElement(RemoteWebDriver.java:343)
at org.openqa.selenium.support.pagefactory.DefaultElementLocator.findElement(DefaultElementLocator.java:70)
at org.openqa.selenium.support.pagefactory.internal.LocatingElementHandler.invoke(LocatingElementHandler.java:39)
at com.sun.proxy.$Proxy17.isDisplayed(Unknown Source)
at com.POS.Testcases.VerifyWaiterTest.validateAddWaiter(VerifyWaiterTest.java:35)
at sun.reflect.NativeMethodAccessorImpl.invoke0(Native Method)
at sun.reflect.NativeMethodAccessorImpl.invoke(NativeMethodAccessorImpl.java:62)
at sun.reflect.DelegatingMethodAccessorImpl.invoke(DelegatingMethodAccessorImpl.java:43)
at java.lang.reflect.Method.invoke(Method.java:498)
at org.testng.internal.invokers.MethodInvocationHelper.invokeMethod(MethodInvocationHelper.java:135)
at org.testng.internal.invokers.TestInvoker.invokeMethod(TestInvoker.java:673)
at org.testng.internal.invokers.TestInvoker.invokeTestMethod(TestInvoker.java:220)
at org.testng.internal.invokers.MethodRunner.runInSequence(MethodRunner.java:50)
at org.testng.internal.invokers.TestInvoker$MethodInvocationAgent.invoke(TestInvoker.java:945)
at org.testng.internal.invokers.TestInvoker.invokeTestMethods(TestInvoker.java:193)
at org.testng.internal.invokers.TestMethodWorker.invokeTestMethods(TestMethodWorker.java:146)
at org.testng.internal.invokers.TestMethodWorker.run(TestMethodWorker.java:128)
at java.util.ArrayList.forEach(ArrayList.java:1257)
at org.testng.TestRunner.privateRun(TestRunner.java:808)
at org.testng.TestRunner.run(TestRunner.java:603)
at org.testng.SuiteRunner.runTest(SuiteRunner.java:429)
at org.testng.SuiteRunner.runSequentially(SuiteRunner.java:423)
at org.testng.SuiteRunner.privateRun(SuiteRunner.java:383)
at org.testng.SuiteRunner.run(SuiteRunner.java:326)
at org.testng.SuiteRunnerWorker.runSuite(SuiteRunnerWorker.java:52)
at org.testng.SuiteRunnerWorker.run(SuiteRunnerWorker.java:95)
at org.testng.TestNG.runSuitesSequentially(TestNG.java:1249)
at org.testng.TestNG.runSuitesLocally(TestNG.java:1169)
at org.testng.TestNG.runSuites(TestNG.java:1092)
at org.testng.TestNG.run(TestNG.java:1060)
at org.apache.maven.surefire.testng.TestNGExecutor.run(TestNGExecutor.java:324)
at org.apache.maven.surefire.testng.TestNGXmlTestSuite.execute(TestNGXmlTestSuite.java:74)
at org.apache.maven.surefire.testng.TestNGProvider.invoke(TestNGProvider.java:123)
at org.apache.maven.surefire.booter.ForkedBooter.runSuitesInProcess(ForkedBooter.java:456)
at org.apache.maven.surefire.booter.ForkedBooter.execute(ForkedBooter.java:169)
at org.apache.maven.surefire.booter.ForkedBooter.run(ForkedBooter.java:595)
at org.apache.maven.surefire.booter.ForkedBooter.main(ForkedBooter.java:581)
]]>
            </full-stacktrace>
          </exception> <!-- org.openqa.selenium.NoSuchElementException -->
          <reporter-output>
          </reporter-output>
        </test-method> <!-- validateAddWaiter -->
        <test-method status="PASS" signature="afterMethod()[pri:0, instance:com.POS.Testcases.VerifyWaiterTest@289d1c02]" name="afterMethod" is-config="true" duration-ms="1015" started-at="2023-03-17T09:40:54 GST" finished-at="2023-03-17T09:40:55 GST">
          <reporter-output>
          </reporter-output>
        </test-method> <!-- afterMethod -->
        <test-method status="PASS" signature="beforeMethods(java.lang.String)[pri:0, instance:com.POS.Testcases.VerifyWaiterTest@289d1c02]" name="beforeMethods" is-config="true" duration-ms="4678" started-at="2023-03-17T09:40:55 GST" finished-at="2023-03-17T09:40:59 GST">
          <params>
            <param index="0">
              <value>
                <![CDATA[Edge]]>
              </value>
            </param>
          </params>
          <reporter-output>
          </reporter-output>
        </test-method> <!-- beforeMethods -->
        <test-method status="PASS" signature="validateSearchWaiter()[pri:3, instance:com.POS.Testcases.VerifyWaiterTest@289d1c02]" name="validateSearchWaiter" duration-ms="5607" started-at="2023-03-17T09:40:59 GST" finished-at="2023-03-17T09:41:05 GST">
          <reporter-output>
          </reporter-output>
        </test-method> <!-- validateSearchWaiter -->
        <test-method status="PASS" signature="afterMethod()[pri:0, instance:com.POS.Testcases.VerifyWaiterTest@289d1c02]" name="afterMethod" is-config="true" duration-ms="912" started-at="2023-03-17T09:41:05 GST" finished-at="2023-03-17T09:41:06 GST">
          <reporter-output>
          </reporter-output>
        </test-method> <!-- afterMethod -->
        <test-method status="PASS" signature="beforeMethods(java.lang.String)[pri:0, instance:com.POS.Testcases.VerifyWaiterTest@289d1c02]" name="beforeMethods" is-config="true" duration-ms="5151" started-at="2023-03-17T09:41:06 GST" finished-at="2023-03-17T09:41:11 GST">
          <params>
            <param index="0">
              <value>
                <![CDATA[Edge]]>
              </value>
            </param>
          </params>
          <reporter-output>
          </reporter-output>
        </test-method> <!-- beforeMethods -->
        <test-method status="FAIL" signature="validateEditWaiter()[pri:4, instance:com.POS.Testcases.VerifyWaiterTest@289d1c02]" name="validateEditWaiter" duration-ms="164322" started-at="2023-03-17T09:41:11 GST" finished-at="2023-03-17T09:43:55 GST">
          <exception class="org.openqa.selenium.NoSuchElementException">
            <message>
              <![CDATA[no such element: Unable to locate element: {"method":"css selector","selector":"table[id='Table']"}
  (Session info: MicrosoftEdge=111.0.1661.43)
For documentation on this error, please visit: https://selenium.dev/exceptions/#no_such_element
Build info: version: '4.7.2', revision: '4d4020c3b7'
System info: os.name: 'Windows 10', os.arch: 'amd64', os.version: '10.0', java.version: '1.8.0_201'
Driver info: org.openqa.selenium.edge.EdgeDriver
Command: [15886bb2a8a612e88a13108db259a3a5, findElement {using=css selector, value=table[id='Table']}]
Capabilities {acceptInsecureCerts: false, browserName: msedge, browserVersion: 111.0.1661.43, ms:edgeOptions: {debuggerAddress: localhost:50345}, msedge: {msedgedriverVersion: 111.0.1661.43 (b6e9cbf64f5a..., userDataDir: C:\Users\Thomas\AppData\Loc...}, networkConnectionEnabled: false, pageLoadStrategy: normal, platformName: WINDOWS, proxy: Proxy(), se:cdp: ws://localhost:50345/devtoo..., se:cdpVersion: 111.0.1661.43, setWindowRect: true, strictFileInteractability: false, timeouts: {implicit: 0, pageLoad: 300000, script: 30000}, unhandledPromptBehavior: dismiss and notify, webauthn:extension:credBlob: true, webauthn:extension:largeBlob: true, webauthn:extension:minPinLength: true, webauthn:extension:prf: true, webauthn:virtualAuthenticators: true}
Session ID: 15886bb2a8a612e88a13108db259a3a5]]>
            </message>
            <full-stacktrace>
              <![CDATA[org.openqa.selenium.NoSuchElementException: no such element: Unable to locate element: {"method":"css selector","selector":"table[id='Table']"}
  (Session info: MicrosoftEdge=111.0.1661.43)
For documentation on this error, please visit: https://selenium.dev/exceptions/#no_such_element
Build info: version: '4.7.2', revision: '4d4020c3b7'
System info: os.name: 'Windows 10', os.arch: 'amd64', os.version: '10.0', java.version: '1.8.0_201'
Driver info: org.openqa.selenium.edge.EdgeDriver
Command: [15886bb2a8a612e88a13108db259a3a5, findElement {using=css selector, value=table[id='Table']}]
Capabilities {acceptInsecureCerts: false, browserName: msedge, browserVersion: 111.0.1661.43, ms:edgeOptions: {debuggerAddress: localhost:50345}, msedge: {msedgedriverVersion: 111.0.1661.43 (b6e9cbf64f5a..., userDataDir: C:\Users\Thomas\AppData\Loc...}, networkConnectionEnabled: false, pageLoadStrategy: normal, platformName: WINDOWS, proxy: Proxy(), se:cdp: ws://localhost:50345/devtoo..., se:cdpVersion: 111.0.1661.43, setWindowRect: true, strictFileInteractability: false, timeouts: {implicit: 0, pageLoad: 300000, script: 30000}, unhandledPromptBehavior: dismiss and notify, webauthn:extension:credBlob: true, webauthn:extension:largeBlob: true, webauthn:extension:minPinLength: true, webauthn:extension:prf: true, webauthn:virtualAuthenticators: true}
Session ID: 15886bb2a8a612e88a13108db259a3a5
at sun.reflect.GeneratedConstructorAccessor42.newInstance(Unknown Source)
at sun.reflect.DelegatingConstructorAccessorImpl.newInstance(DelegatingConstructorAccessorImpl.java:45)
at java.lang.reflect.Constructor.newInstance(Constructor.java:423)
at org.openqa.selenium.remote.codec.w3c.W3CHttpResponseCodec.createException(W3CHttpResponseCodec.java:200)
at org.openqa.selenium.remote.codec.w3c.W3CHttpResponseCodec.decode(W3CHttpResponseCodec.java:133)
at org.openqa.selenium.remote.codec.w3c.W3CHttpResponseCodec.decode(W3CHttpResponseCodec.java:53)
at org.openqa.selenium.remote.HttpCommandExecutor.execute(HttpCommandExecutor.java:184)
at org.openqa.selenium.remote.service.DriverCommandExecutor.invokeExecute(DriverCommandExecutor.java:167)
at org.openqa.selenium.remote.service.DriverCommandExecutor.execute(DriverCommandExecutor.java:142)
at org.openqa.selenium.remote.RemoteWebDriver.execute(RemoteWebDriver.java:535)
at org.openqa.selenium.remote.ElementLocation$ElementFinder$2.findElement(ElementLocation.java:162)
at org.openqa.selenium.remote.ElementLocation.findElement(ElementLocation.java:60)
at org.openqa.selenium.remote.RemoteWebDriver.findElement(RemoteWebDriver.java:351)
at org.openqa.selenium.remote.RemoteWebDriver.findElement(RemoteWebDriver.java:343)
at org.openqa.selenium.support.pagefactory.DefaultElementLocator.findElement(DefaultElementLocator.java:70)
at org.openqa.selenium.support.pagefactory.internal.LocatingElementHandler.invoke(LocatingElementHandler.java:39)
at com.sun.proxy.$Proxy17.findElements(Unknown Source)
at com.POS.Actions.Action.getRowCount(Action.java:580)
at com.POS.Testcases.VerifyWaiterTest.validateEditWaiter(VerifyWaiterTest.java:66)
at sun.reflect.NativeMethodAccessorImpl.invoke0(Native Method)
at sun.reflect.NativeMethodAccessorImpl.invoke(NativeMethodAccessorImpl.java:62)
at sun.reflect.DelegatingMethodAccessorImpl.invoke(DelegatingMethodAccessorImpl.java:43)
at java.lang.reflect.Method.invoke(Method.java:498)
at org.testng.internal.invokers.MethodInvocationHelper.invokeMethod(MethodInvocationHelper.java:135)
at org.testng.internal.invokers.TestInvoker.invokeMethod(TestInvoker.java:673)
at org.testng.internal.invokers.TestInvoker.invokeTestMethod(TestInvoker.java:220)
at org.testng.internal.invokers.MethodRunner.runInSequence(MethodRunner.java:50)
at org.testng.internal.invokers.TestInvoker$MethodInvocationAgent.invoke(TestInvoker.java:945)
at org.testng.internal.invokers.TestInvoker.invokeTestMethods(TestInvoker.java:193)
at org.testng.internal.invokers.TestMethodWorker.invokeTestMethods(TestMethodWorker.java:146)
at org.testng.internal.invokers.TestMethodWorker.run(TestMethodWorker.java:128)
at java.util.ArrayList.forEach(ArrayList.java:1257)
at org.testng.TestRunner.privateRun(TestRunner.java:808)
at org.testng.TestRunner.run(TestRunner.java:603)
at org.testng.SuiteRunner.runTest(SuiteRunner.java:429)
at org.testng.SuiteRunner.runSequentially(SuiteRunner.java:423)
at org.testng.SuiteRunner.privateRun(SuiteRunner.java:383)
at org.testng.SuiteRunner.run(SuiteRunner.java:326)
at org.testng.SuiteRunnerWorker.runSuite(SuiteRunnerWorker.java:52)
at org.testng.SuiteRunnerWorker.run(SuiteRunnerWorker.java:95)
at org.testng.TestNG.runSuitesSequentially(TestNG.java:1249)
at org.testng.TestNG.runSuitesLocally(TestNG.java:1169)
at org.testng.TestNG.runSuites(TestNG.java:1092)
at org.testng.TestNG.run(TestNG.java:1060)
at org.apache.maven.surefire.testng.TestNGExecutor.run(TestNGExecutor.java:324)
at org.apache.maven.surefire.testng.TestNGXmlTestSuite.execute(TestNGXmlTestSuite.java:74)
at org.apache.maven.surefire.testng.TestNGProvider.invoke(TestNGProvider.java:123)
at org.apache.maven.surefire.booter.ForkedBooter.runSuitesInProcess(ForkedBooter.java:456)
at org.apache.maven.surefire.booter.ForkedBooter.execute(ForkedBooter.java:169)
at org.apache.maven.surefire.booter.ForkedBooter.run(ForkedBooter.java:595)
at org.apache.maven.surefire.booter.ForkedBooter.main(ForkedBooter.java:581)
]]>
            </full-stacktrace>
          </exception> <!-- org.openqa.selenium.NoSuchElementException -->
          <reporter-output>
          </reporter-output>
        </test-method> <!-- validateEditWaiter -->
        <test-method status="PASS" signature="afterMethod()[pri:0, instance:com.POS.Testcases.VerifyWaiterTest@289d1c02]" name="afterMethod" is-config="true" duration-ms="999" started-at="2023-03-17T09:43:56 GST" finished-at="2023-03-17T09:43:57 GST">
          <reporter-output>
          </reporter-output>
        </test-method> <!-- afterMethod -->
      </class> <!-- com.POS.Testcases.VerifyWaiterTest -->
      <class name="com.POS.Testcases.VerifyStoreTest">
        <test-method status="PASS" signature="beforeMethods(java.lang.String)[pri:0, instance:com.POS.Testcases.VerifyStoreTest@75881071]" name="beforeMethods" is-config="true" duration-ms="5499" started-at="2023-03-17T09:33:21 GST" finished-at="2023-03-17T09:33:26 GST">
          <params>
            <param index="0">
              <value>
                <![CDATA[Edge]]>
              </value>
            </param>
          </params>
          <reporter-output>
          </reporter-output>
        </test-method> <!-- beforeMethods -->
        <test-method status="PASS" signature="validateTableHeaders()[pri:0, instance:com.POS.Testcases.VerifyStoreTest@75881071]" name="validateTableHeaders" duration-ms="5373" started-at="2023-03-17T09:33:26 GST" finished-at="2023-03-17T09:33:31 GST">
          <reporter-output>
          </reporter-output>
        </test-method> <!-- validateTableHeaders -->
        <test-method status="PASS" signature="afterMethod()[pri:0, instance:com.POS.Testcases.VerifyStoreTest@75881071]" name="afterMethod" is-config="true" duration-ms="752" started-at="2023-03-17T09:33:31 GST" finished-at="2023-03-17T09:33:32 GST">
          <reporter-output>
          </reporter-output>
        </test-method> <!-- afterMethod -->
        <test-method status="PASS" signature="beforeMethods(java.lang.String)[pri:0, instance:com.POS.Testcases.VerifyStoreTest@75881071]" name="beforeMethods" is-config="true" duration-ms="6058" started-at="2023-03-17T09:33:32 GST" finished-at="2023-03-17T09:33:38 GST">
          <params>
            <param index="0">
              <value>
                <![CDATA[Edge]]>
              </value>
            </param>
          </params>
          <reporter-output>
          </reporter-output>
        </test-method> <!-- beforeMethods -->
        <test-method status="PASS" signature="validateShowCount()[pri:1, instance:com.POS.Testcases.VerifyStoreTest@75881071]" name="validateShowCount" duration-ms="15264" started-at="2023-03-17T09:33:38 GST" finished-at="2023-03-17T09:33:53 GST">
          <reporter-output>
          </reporter-output>
        </test-method> <!-- validateShowCount -->
        <test-method status="PASS" signature="afterMethod()[pri:0, instance:com.POS.Testcases.VerifyStoreTest@75881071]" name="afterMethod" is-config="true" duration-ms="784" started-at="2023-03-17T09:33:53 GST" finished-at="2023-03-17T09:33:54 GST">
          <reporter-output>
          </reporter-output>
        </test-method> <!-- afterMethod -->
        <test-method status="PASS" signature="beforeMethods(java.lang.String)[pri:0, instance:com.POS.Testcases.VerifyStoreTest@75881071]" name="beforeMethods" is-config="true" duration-ms="5310" started-at="2023-03-17T09:33:54 GST" finished-at="2023-03-17T09:34:00 GST">
          <params>
            <param index="0">
              <value>
                <![CDATA[Edge]]>
              </value>
            </param>
          </params>
          <reporter-output>
          </reporter-output>
        </test-method> <!-- beforeMethods -->
        <test-method status="PASS" signature="validateAddStore()[pri:2, instance:com.POS.Testcases.VerifyStoreTest@75881071]" name="validateAddStore" duration-ms="8580" started-at="2023-03-17T09:34:00 GST" finished-at="2023-03-17T09:34:08 GST">
          <reporter-output>
          </reporter-output>
        </test-method> <!-- validateAddStore -->
        <test-method status="PASS" signature="afterMethod()[pri:0, instance:com.POS.Testcases.VerifyStoreTest@75881071]" name="afterMethod" is-config="true" duration-ms="757" started-at="2023-03-17T09:34:08 GST" finished-at="2023-03-17T09:34:09 GST">
          <reporter-output>
          </reporter-output>
        </test-method> <!-- afterMethod -->
        <test-method status="PASS" signature="beforeMethods(java.lang.String)[pri:0, instance:com.POS.Testcases.VerifyStoreTest@75881071]" name="beforeMethods" is-config="true" duration-ms="4992" started-at="2023-03-17T09:34:09 GST" finished-at="2023-03-17T09:34:14 GST">
          <params>
            <param index="0">
              <value>
                <![CDATA[Edge]]>
              </value>
            </param>
          </params>
          <reporter-output>
          </reporter-output>
        </test-method> <!-- beforeMethods -->
        <test-method status="PASS" signature="validateSearchStore()[pri:3, instance:com.POS.Testcases.VerifyStoreTest@75881071]" name="validateSearchStore" duration-ms="5980" started-at="2023-03-17T09:34:14 GST" finished-at="2023-03-17T09:34:20 GST">
          <reporter-output>
          </reporter-output>
        </test-method> <!-- validateSearchStore -->
        <test-method status="PASS" signature="afterMethod()[pri:0, instance:com.POS.Testcases.VerifyStoreTest@75881071]" name="afterMethod" is-config="true" duration-ms="770" started-at="2023-03-17T09:34:20 GST" finished-at="2023-03-17T09:34:21 GST">
          <reporter-output>
          </reporter-output>
        </test-method> <!-- afterMethod -->
        <test-method status="PASS" signature="beforeMethods(java.lang.String)[pri:0, instance:com.POS.Testcases.VerifyStoreTest@75881071]" name="beforeMethods" is-config="true" duration-ms="5820" started-at="2023-03-17T09:34:21 GST" finished-at="2023-03-17T09:34:26 GST">
          <params>
            <param index="0">
              <value>
                <![CDATA[Edge]]>
              </value>
            </param>
          </params>
          <reporter-output>
          </reporter-output>
        </test-method> <!-- beforeMethods -->
        <test-method status="FAIL" signature="validateEditStore()[pri:4, instance:com.POS.Testcases.VerifyStoreTest@75881071]" name="validateEditStore" duration-ms="144335" started-at="2023-03-17T09:34:26 GST" finished-at="2023-03-17T09:36:51 GST">
          <exception class="org.openqa.selenium.TimeoutException">
            <message>
              <![CDATA[Expected condition failed: waiting for visibility of Proxy element for: DefaultElementLocator 'By.cssSelector: select[name='Table_length']' (tried for 10 second(s) with 500 milliseconds interval)]]>
            </message>
            <full-stacktrace>
              <![CDATA[org.openqa.selenium.TimeoutException: Expected condition failed: waiting for visibility of Proxy element for: DefaultElementLocator 'By.cssSelector: select[name='Table_length']' (tried for 10 second(s) with 500 milliseconds interval)
at org.openqa.selenium.support.ui.WebDriverWait.timeoutException(WebDriverWait.java:87)
at org.openqa.selenium.support.ui.FluentWait.until(FluentWait.java:231)
at com.POS.Actions.Action.explicitWait(Action.java:698)
at com.POS.Testcases.VerifyStoreTest.validateEditStore(VerifyStoreTest.java:115)
at sun.reflect.NativeMethodAccessorImpl.invoke0(Native Method)
at sun.reflect.NativeMethodAccessorImpl.invoke(NativeMethodAccessorImpl.java:62)
at sun.reflect.DelegatingMethodAccessorImpl.invoke(DelegatingMethodAccessorImpl.java:43)
at java.lang.reflect.Method.invoke(Method.java:498)
at org.testng.internal.invokers.MethodInvocationHelper.invokeMethod(MethodInvocationHelper.java:135)
at org.testng.internal.invokers.TestInvoker.invokeMethod(TestInvoker.java:673)
at org.testng.internal.invokers.TestInvoker.invokeTestMethod(TestInvoker.java:220)
at org.testng.internal.invokers.MethodRunner.runInSequence(MethodRunner.java:50)
at org.testng.internal.invokers.TestInvoker$MethodInvocationAgent.invoke(TestInvoker.java:945)
at org.testng.internal.invokers.TestInvoker.invokeTestMethods(TestInvoker.java:193)
at org.testng.internal.invokers.TestMethodWorker.invokeTestMethods(TestMethodWorker.java:146)
at org.testng.internal.invokers.TestMethodWorker.run(TestMethodWorker.java:128)
at java.util.ArrayList.forEach(ArrayList.java:1257)
at org.testng.TestRunner.privateRun(TestRunner.java:808)
at org.testng.TestRunner.run(TestRunner.java:603)
at org.testng.SuiteRunner.runTest(SuiteRunner.java:429)
at org.testng.SuiteRunner.runSequentially(SuiteRunner.java:423)
at org.testng.SuiteRunner.privateRun(SuiteRunner.java:383)
at org.testng.SuiteRunner.run(SuiteRunner.java:326)
at org.testng.SuiteRunnerWorker.runSuite(SuiteRunnerWorker.java:52)
at org.testng.SuiteRunnerWorker.run(SuiteRunnerWorker.java:95)
at org.testng.TestNG.runSuitesSequentially(TestNG.java:1249)
at org.testng.TestNG.runSuitesLocally(TestNG.java:1169)
at org.testng.TestNG.runSuites(TestNG.java:1092)
at org.testng.TestNG.run(TestNG.java:1060)
at org.apache.maven.surefire.testng.TestNGExecutor.run(TestNGExecutor.java:324)
at org.apache.maven.surefire.testng.TestNGXmlTestSuite.execute(TestNGXmlTestSuite.java:74)
at org.apache.maven.surefire.testng.TestNGProvider.invoke(TestNGProvider.java:123)
at org.apache.maven.surefire.booter.ForkedBooter.runSuitesInProcess(ForkedBooter.java:456)
at org.apache.maven.surefire.booter.ForkedBooter.execute(ForkedBooter.java:169)
at org.apache.maven.surefire.booter.ForkedBooter.run(ForkedBooter.java:595)
at org.apache.maven.surefire.booter.ForkedBooter.main(ForkedBooter.java:581)
Caused by: org.openqa.selenium.NoSuchElementException: no such element: Unable to locate element: {"method":"css selector","selector":"select[name='Table_length']"}
  (Session info: MicrosoftEdge=111.0.1661.43)
For documentation on this error, please visit: https://selenium.dev/exceptions/#no_such_element
Build info: version: '4.7.2', revision: '4d4020c3b7'
System info: os.name: 'Windows 10', os.arch: 'amd64', os.version: '10.0', java.version: '1.8.0_201'
Driver info: org.openqa.selenium.edge.EdgeDriver
Command: [7dc219d3db298c59a1cc2798c22541b4, findElement {using=css selector, value=select[name='Table_length']}]
Capabilities {acceptInsecureCerts: false, browserName: msedge, browserVersion: 111.0.1661.43, ms:edgeOptions: {debuggerAddress: localhost:49743}, msedge: {msedgedriverVersion: 111.0.1661.43 (b6e9cbf64f5a..., userDataDir: C:\Users\Thomas\AppData\Loc...}, networkConnectionEnabled: false, pageLoadStrategy: normal, platformName: WINDOWS, proxy: Proxy(), se:cdp: ws://localhost:49743/devtoo..., se:cdpVersion: 111.0.1661.43, setWindowRect: true, strictFileInteractability: false, timeouts: {implicit: 0, pageLoad: 300000, script: 30000}, unhandledPromptBehavior: dismiss and notify, webauthn:extension:credBlob: true, webauthn:extension:largeBlob: true, webauthn:extension:minPinLength: true, webauthn:extension:prf: true, webauthn:virtualAuthenticators: true}
Session ID: 7dc219d3db298c59a1cc2798c22541b4
at sun.reflect.GeneratedConstructorAccessor42.newInstance(Unknown Source)
at sun.reflect.DelegatingConstructorAccessorImpl.newInstance(DelegatingConstructorAccessorImpl.java:45)
at java.lang.reflect.Constructor.newInstance(Constructor.java:423)
at org.openqa.selenium.remote.codec.w3c.W3CHttpResponseCodec.createException(W3CHttpResponseCodec.java:200)
at org.openqa.selenium.remote.codec.w3c.W3CHttpResponseCodec.decode(W3CHttpResponseCodec.java:133)
at org.openqa.selenium.remote.codec.w3c.W3CHttpResponseCodec.decode(W3CHttpResponseCodec.java:53)
at org.openqa.selenium.remote.HttpCommandExecutor.execute(HttpCommandExecutor.java:184)
at org.openqa.selenium.remote.service.DriverCommandExecutor.invokeExecute(DriverCommandExecutor.java:167)
at org.openqa.selenium.remote.service.DriverCommandExecutor.execute(DriverCommandExecutor.java:142)
at org.openqa.selenium.remote.RemoteWebDriver.execute(RemoteWebDriver.java:535)
at org.openqa.selenium.remote.ElementLocation$ElementFinder$2.findElement(ElementLocation.java:162)
at org.openqa.selenium.remote.ElementLocation.findElement(ElementLocation.java:60)
at org.openqa.selenium.remote.RemoteWebDriver.findElement(RemoteWebDriver.java:351)
at org.openqa.selenium.remote.RemoteWebDriver.findElement(RemoteWebDriver.java:343)
at org.openqa.selenium.support.pagefactory.DefaultElementLocator.findElement(DefaultElementLocator.java:70)
at org.openqa.selenium.support.pagefactory.internal.LocatingElementHandler.invoke(LocatingElementHandler.java:39)
at com.sun.proxy.$Proxy17.isDisplayed(Unknown Source)
at org.openqa.selenium.support.ui.ExpectedConditions.elementIfVisible(ExpectedConditions.java:307)
at org.openqa.selenium.support.ui.ExpectedConditions.access$000(ExpectedConditions.java:40)
at org.openqa.selenium.support.ui.ExpectedConditions$10.apply(ExpectedConditions.java:293)
at org.openqa.selenium.support.ui.ExpectedConditions$10.apply(ExpectedConditions.java:290)
at org.openqa.selenium.support.ui.FluentWait.until(FluentWait.java:208)
... 34 more
]]>
            </full-stacktrace>
          </exception> <!-- org.openqa.selenium.TimeoutException -->
          <reporter-output>
          </reporter-output>
        </test-method> <!-- validateEditStore -->
        <test-method status="PASS" signature="afterMethod()[pri:0, instance:com.POS.Testcases.VerifyStoreTest@75881071]" name="afterMethod" is-config="true" duration-ms="958" started-at="2023-03-17T09:36:51 GST" finished-at="2023-03-17T09:36:52 GST">
          <reporter-output>
          </reporter-output>
        </test-method> <!-- afterMethod -->
        <test-method status="PASS" signature="beforeMethods(java.lang.String)[pri:0, instance:com.POS.Testcases.VerifyStoreTest@75881071]" name="beforeMethods" is-config="true" duration-ms="5620" started-at="2023-03-17T09:36:52 GST" finished-at="2023-03-17T09:36:58 GST">
          <params>
            <param index="0">
              <value>
                <![CDATA[Edge]]>
              </value>
            </param>
          </params>
          <reporter-output>
          </reporter-output>
        </test-method> <!-- beforeMethods -->
        <test-method status="PASS" signature="validateStoreSorting()[pri:5, instance:com.POS.Testcases.VerifyStoreTest@75881071]" name="validateStoreSorting" duration-ms="6570" started-at="2023-03-17T09:36:58 GST" finished-at="2023-03-17T09:37:04 GST">
          <reporter-output>
          </reporter-output>
        </test-method> <!-- validateStoreSorting -->
        <test-method status="PASS" signature="afterMethod()[pri:0, instance:com.POS.Testcases.VerifyStoreTest@75881071]" name="afterMethod" is-config="true" duration-ms="850" started-at="2023-03-17T09:37:04 GST" finished-at="2023-03-17T09:37:05 GST">
          <reporter-output>
          </reporter-output>
        </test-method> <!-- afterMethod -->
      </class> <!-- com.POS.Testcases.VerifyStoreTest -->
      <class name="com.POS.Testcases.VerifyCategoryTest">
        <test-method status="PASS" signature="beforeMethods(java.lang.String)[pri:0, instance:com.POS.Testcases.VerifyCategoryTest@22eeefeb]" name="beforeMethods" is-config="true" duration-ms="8339" started-at="2023-03-17T09:43:57 GST" finished-at="2023-03-17T09:44:05 GST">
          <params>
            <param index="0">
              <value>
                <![CDATA[Edge]]>
              </value>
            </param>
          </params>
          <reporter-output>
          </reporter-output>
        </test-method> <!-- beforeMethods -->
        <test-method status="PASS" signature="validateCatTblHeaders()[pri:0, instance:com.POS.Testcases.VerifyCategoryTest@22eeefeb]" name="validateCatTblHeaders" duration-ms="73268" started-at="2023-03-17T09:44:05 GST" finished-at="2023-03-17T09:45:19 GST">
          <reporter-output>
          </reporter-output>
        </test-method> <!-- validateCatTblHeaders -->
        <test-method status="PASS" signature="afterMethod()[pri:0, instance:com.POS.Testcases.VerifyCategoryTest@22eeefeb]" name="afterMethod" is-config="true" duration-ms="958" started-at="2023-03-17T09:45:19 GST" finished-at="2023-03-17T09:45:20 GST">
          <reporter-output>
          </reporter-output>
        </test-method> <!-- afterMethod -->
        <test-method status="PASS" signature="beforeMethods(java.lang.String)[pri:0, instance:com.POS.Testcases.VerifyCategoryTest@22eeefeb]" name="beforeMethods" is-config="true" duration-ms="5787" started-at="2023-03-17T09:45:20 GST" finished-at="2023-03-17T09:45:25 GST">
          <params>
            <param index="0">
              <value>
                <![CDATA[Edge]]>
              </value>
            </param>
          </params>
          <reporter-output>
          </reporter-output>
        </test-method> <!-- beforeMethods -->
        <test-method status="PASS" signature="validateAddCategory()[pri:2, instance:com.POS.Testcases.VerifyCategoryTest@22eeefeb]" name="validateAddCategory" duration-ms="7557" started-at="2023-03-17T09:45:25 GST" finished-at="2023-03-17T09:45:33 GST">
          <reporter-output>
          </reporter-output>
        </test-method> <!-- validateAddCategory -->
        <test-method status="PASS" signature="afterMethod()[pri:0, instance:com.POS.Testcases.VerifyCategoryTest@22eeefeb]" name="afterMethod" is-config="true" duration-ms="748" started-at="2023-03-17T09:45:33 GST" finished-at="2023-03-17T09:45:34 GST">
          <reporter-output>
          </reporter-output>
        </test-method> <!-- afterMethod -->
      </class> <!-- com.POS.Testcases.VerifyCategoryTest -->
      <class name="com.POS.Testcases.VerifyStoreManageTest">
        <test-method status="PASS" signature="beforeMethods(java.lang.String)[pri:0, instance:com.POS.Testcases.VerifyStoreManageTest@2a70a3d8]" name="beforeMethods" is-config="true" duration-ms="5181" started-at="2023-03-17T09:37:05 GST" finished-at="2023-03-17T09:37:10 GST">
          <params>
            <param index="0">
              <value>
                <![CDATA[Edge]]>
              </value>
            </param>
          </params>
          <reporter-output>
          </reporter-output>
        </test-method> <!-- beforeMethods -->
        <test-method status="PASS" signature="validateAddZone(java.lang.String)[pri:1, instance:com.POS.Testcases.VerifyStoreManageTest@2a70a3d8]" name="validateAddZone" duration-ms="9107" started-at="2023-03-17T09:37:10 GST" finished-at="2023-03-17T09:37:19 GST">
          <params>
            <param index="0">
              <value>
                <![CDATA[Test OBS Zone]]>
              </value>
            </param>
          </params>
          <reporter-output>
          </reporter-output>
        </test-method> <!-- validateAddZone -->
        <test-method status="PASS" signature="afterMethod()[pri:0, instance:com.POS.Testcases.VerifyStoreManageTest@2a70a3d8]" name="afterMethod" is-config="true" duration-ms="744" started-at="2023-03-17T09:37:19 GST" finished-at="2023-03-17T09:37:20 GST">
          <reporter-output>
          </reporter-output>
        </test-method> <!-- afterMethod -->
        <test-method status="PASS" signature="beforeMethods(java.lang.String)[pri:0, instance:com.POS.Testcases.VerifyStoreManageTest@2a70a3d8]" name="beforeMethods" is-config="true" duration-ms="5309" started-at="2023-03-17T09:37:20 GST" finished-at="2023-03-17T09:37:25 GST">
          <params>
            <param index="0">
              <value>
                <![CDATA[Edge]]>
              </value>
            </param>
          </params>
          <reporter-output>
          </reporter-output>
        </test-method> <!-- beforeMethods -->
        <test-method status="PASS" signature="validateEditZone()[pri:2, instance:com.POS.Testcases.VerifyStoreManageTest@2a70a3d8]" name="validateEditZone" duration-ms="8678" started-at="2023-03-17T09:37:25 GST" finished-at="2023-03-17T09:37:34 GST">
          <reporter-output>
          </reporter-output>
        </test-method> <!-- validateEditZone -->
        <test-method status="PASS" signature="afterMethod()[pri:0, instance:com.POS.Testcases.VerifyStoreManageTest@2a70a3d8]" name="afterMethod" is-config="true" duration-ms="711" started-at="2023-03-17T09:37:34 GST" finished-at="2023-03-17T09:37:35 GST">
          <reporter-output>
          </reporter-output>
        </test-method> <!-- afterMethod -->
        <test-method status="PASS" signature="beforeMethods(java.lang.String)[pri:0, instance:com.POS.Testcases.VerifyStoreManageTest@2a70a3d8]" name="beforeMethods" is-config="true" duration-ms="4700" started-at="2023-03-17T09:37:35 GST" finished-at="2023-03-17T09:37:39 GST">
          <params>
            <param index="0">
              <value>
                <![CDATA[Edge]]>
              </value>
            </param>
          </params>
          <reporter-output>
          </reporter-output>
        </test-method> <!-- beforeMethods -->
        <test-method status="PASS" signature="validateAddStoreTable(java.lang.String)[pri:3, instance:com.POS.Testcases.VerifyStoreManageTest@2a70a3d8]" name="validateAddStoreTable" duration-ms="8738" started-at="2023-03-17T09:37:39 GST" finished-at="2023-03-17T09:37:48 GST">
          <params>
            <param index="0">
              <value>
                <![CDATA[Test OBS Store Table]]>
              </value>
            </param>
          </params>
          <reporter-output>
          </reporter-output>
        </test-method> <!-- validateAddStoreTable -->
        <test-method status="PASS" signature="afterMethod()[pri:0, instance:com.POS.Testcases.VerifyStoreManageTest@2a70a3d8]" name="afterMethod" is-config="true" duration-ms="774" started-at="2023-03-17T09:37:48 GST" finished-at="2023-03-17T09:37:49 GST">
          <reporter-output>
          </reporter-output>
        </test-method> <!-- afterMethod -->
        <test-method status="PASS" signature="beforeMethods(java.lang.String)[pri:0, instance:com.POS.Testcases.VerifyStoreManageTest@2a70a3d8]" name="beforeMethods" is-config="true" duration-ms="5701" started-at="2023-03-17T09:37:49 GST" finished-at="2023-03-17T09:37:55 GST">
          <params>
            <param index="0">
              <value>
                <![CDATA[Edge]]>
              </value>
            </param>
          </params>
          <reporter-output>
          </reporter-output>
        </test-method> <!-- beforeMethods -->
        <test-method status="PASS" signature="validateEditStoreTable()[pri:4, instance:com.POS.Testcases.VerifyStoreManageTest@2a70a3d8]" name="validateEditStoreTable" duration-ms="8872" started-at="2023-03-17T09:37:55 GST" finished-at="2023-03-17T09:38:04 GST">
          <reporter-output>
          </reporter-output>
        </test-method> <!-- validateEditStoreTable -->
        <test-method status="PASS" signature="afterMethod()[pri:0, instance:com.POS.Testcases.VerifyStoreManageTest@2a70a3d8]" name="afterMethod" is-config="true" duration-ms="753" started-at="2023-03-17T09:38:04 GST" finished-at="2023-03-17T09:38:04 GST">
          <reporter-output>
          </reporter-output>
        </test-method> <!-- afterMethod -->
        <test-method status="PASS" signature="beforeMethods(java.lang.String)[pri:0, instance:com.POS.Testcases.VerifyStoreManageTest@2a70a3d8]" name="beforeMethods" is-config="true" duration-ms="4669" started-at="2023-03-17T09:38:04 GST" finished-at="2023-03-17T09:38:09 GST">
          <params>
            <param index="0">
              <value>
                <![CDATA[Edge]]>
              </value>
            </param>
          </params>
          <reporter-output>
          </reporter-output>
        </test-method> <!-- beforeMethods -->
        <test-method status="PASS" signature="validateDeleteStoreTbl()[pri:5, instance:com.POS.Testcases.VerifyStoreManageTest@2a70a3d8]" name="validateDeleteStoreTbl" duration-ms="7495" started-at="2023-03-17T09:38:09 GST" finished-at="2023-03-17T09:38:16 GST">
          <reporter-output>
          </reporter-output>
        </test-method> <!-- validateDeleteStoreTbl -->
        <test-method status="PASS" signature="afterMethod()[pri:0, instance:com.POS.Testcases.VerifyStoreManageTest@2a70a3d8]" name="afterMethod" is-config="true" duration-ms="725" started-at="2023-03-17T09:38:16 GST" finished-at="2023-03-17T09:38:17 GST">
          <reporter-output>
          </reporter-output>
        </test-method> <!-- afterMethod -->
        <test-method status="PASS" signature="beforeMethods(java.lang.String)[pri:0, instance:com.POS.Testcases.VerifyStoreManageTest@2a70a3d8]" name="beforeMethods" is-config="true" duration-ms="4940" started-at="2023-03-17T09:38:17 GST" finished-at="2023-03-17T09:38:22 GST">
          <params>
            <param index="0">
              <value>
                <![CDATA[Edge]]>
              </value>
            </param>
          </params>
          <reporter-output>
          </reporter-output>
        </test-method> <!-- beforeMethods -->
        <test-method status="PASS" signature="validateDeleteZone()[pri:6, instance:com.POS.Testcases.VerifyStoreManageTest@2a70a3d8]" name="validateDeleteZone" duration-ms="6700" started-at="2023-03-17T09:38:22 GST" finished-at="2023-03-17T09:38:29 GST">
          <reporter-output>
          </reporter-output>
        </test-method> <!-- validateDeleteZone -->
        <test-method status="PASS" signature="afterMethod()[pri:0, instance:com.POS.Testcases.VerifyStoreManageTest@2a70a3d8]" name="afterMethod" is-config="true" duration-ms="740" started-at="2023-03-17T09:38:29 GST" finished-at="2023-03-17T09:38:30 GST">
          <reporter-output>
          </reporter-output>
        </test-method> <!-- afterMethod -->
        <test-method status="PASS" signature="beforeMethods(java.lang.String)[pri:0, instance:com.POS.Testcases.VerifyStoreManageTest@2a70a3d8]" name="beforeMethods" is-config="true" duration-ms="4791" started-at="2023-03-17T09:38:30 GST" finished-at="2023-03-17T09:38:34 GST">
          <params>
            <param index="0">
              <value>
                <![CDATA[Edge]]>
              </value>
            </param>
          </params>
          <reporter-output>
          </reporter-output>
        </test-method> <!-- beforeMethods -->
        <test-method status="PASS" signature="validateDeleteStore()[pri:7, instance:com.POS.Testcases.VerifyStoreManageTest@2a70a3d8]" name="validateDeleteStore" duration-ms="7781" started-at="2023-03-17T09:38:34 GST" finished-at="2023-03-17T09:38:42 GST">
          <reporter-output>
          </reporter-output>
        </test-method> <!-- validateDeleteStore -->
        <test-method status="PASS" signature="afterMethod()[pri:0, instance:com.POS.Testcases.VerifyStoreManageTest@2a70a3d8]" name="afterMethod" is-config="true" duration-ms="814" started-at="2023-03-17T09:38:42 GST" finished-at="2023-03-17T09:38:43 GST">
          <reporter-output>
          </reporter-output>
        </test-method> <!-- afterMethod -->
      </class> <!-- com.POS.Testcases.VerifyStoreManageTest -->
      <class name="com.POS.Testcases.VerifyProductPageTest">
        <test-method status="PASS" signature="beforeMethods(java.lang.String)[pri:0, instance:com.POS.Testcases.VerifyProductPageTest@1fc2b765]" name="beforeMethods" is-config="true" duration-ms="8489" started-at="2023-03-17T09:27:53 GST" finished-at="2023-03-17T09:28:01 GST">
          <params>
            <param index="0">
              <value>
                <![CDATA[Edge]]>
              </value>
            </param>
          </params>
          <reporter-output>
          </reporter-output>
        </test-method> <!-- beforeMethods -->
        <test-method status="PASS" signature="validateShowPdtTblCount()[pri:1, instance:com.POS.Testcases.VerifyProductPageTest@1fc2b765]" name="validateShowPdtTblCount" duration-ms="12308" started-at="2023-03-17T09:28:01 GST" finished-at="2023-03-17T09:28:13 GST">
          <reporter-output>
          </reporter-output>
        </test-method> <!-- validateShowPdtTblCount -->
        <test-method status="PASS" signature="afterMethod()[pri:0, instance:com.POS.Testcases.VerifyProductPageTest@1fc2b765]" name="afterMethod" is-config="true" duration-ms="910" started-at="2023-03-17T09:28:13 GST" finished-at="2023-03-17T09:28:14 GST">
          <reporter-output>
          </reporter-output>
        </test-method> <!-- afterMethod -->
        <test-method status="PASS" signature="beforeMethods(java.lang.String)[pri:0, instance:com.POS.Testcases.VerifyProductPageTest@1fc2b765]" name="beforeMethods" is-config="true" duration-ms="7646" started-at="2023-03-17T09:28:14 GST" finished-at="2023-03-17T09:28:22 GST">
          <params>
            <param index="0">
              <value>
                <![CDATA[Edge]]>
              </value>
            </param>
          </params>
          <reporter-output>
          </reporter-output>
        </test-method> <!-- beforeMethods -->
        <test-method status="FAIL" signature="validateFilterBySupplier()[pri:2, instance:com.POS.Testcases.VerifyProductPageTest@1fc2b765]" name="validateFilterBySupplier" duration-ms="72457" started-at="2023-03-17T09:28:22 GST" finished-at="2023-03-17T09:29:34 GST">
          <exception class="org.openqa.selenium.NoSuchElementException">
            <message>
              <![CDATA[no such element: Unable to locate element: {"method":"css selector","selector":"table[id='Table']"}
  (Session info: MicrosoftEdge=111.0.1661.43)
For documentation on this error, please visit: https://selenium.dev/exceptions/#no_such_element
Build info: version: '4.7.2', revision: '4d4020c3b7'
System info: os.name: 'Windows 10', os.arch: 'amd64', os.version: '10.0', java.version: '1.8.0_201'
Driver info: org.openqa.selenium.edge.EdgeDriver
Command: [72a60eb75ad6a528f0f1d3be38e8bb79, findElement {using=css selector, value=table[id='Table']}]
Capabilities {acceptInsecureCerts: false, browserName: msedge, browserVersion: 111.0.1661.43, ms:edgeOptions: {debuggerAddress: localhost:65487}, msedge: {msedgedriverVersion: 111.0.1661.43 (b6e9cbf64f5a..., userDataDir: C:\Users\Thomas\AppData\Loc...}, networkConnectionEnabled: false, pageLoadStrategy: normal, platformName: WINDOWS, proxy: Proxy(), se:cdp: ws://localhost:65487/devtoo..., se:cdpVersion: 111.0.1661.43, setWindowRect: true, strictFileInteractability: false, timeouts: {implicit: 0, pageLoad: 300000, script: 30000}, unhandledPromptBehavior: dismiss and notify, webauthn:extension:credBlob: true, webauthn:extension:largeBlob: true, webauthn:extension:minPinLength: true, webauthn:extension:prf: true, webauthn:virtualAuthenticators: true}
Session ID: 72a60eb75ad6a528f0f1d3be38e8bb79]]>
            </message>
            <full-stacktrace>
              <![CDATA[org.openqa.selenium.NoSuchElementException: no such element: Unable to locate element: {"method":"css selector","selector":"table[id='Table']"}
  (Session info: MicrosoftEdge=111.0.1661.43)
For documentation on this error, please visit: https://selenium.dev/exceptions/#no_such_element
Build info: version: '4.7.2', revision: '4d4020c3b7'
System info: os.name: 'Windows 10', os.arch: 'amd64', os.version: '10.0', java.version: '1.8.0_201'
Driver info: org.openqa.selenium.edge.EdgeDriver
Command: [72a60eb75ad6a528f0f1d3be38e8bb79, findElement {using=css selector, value=table[id='Table']}]
Capabilities {acceptInsecureCerts: false, browserName: msedge, browserVersion: 111.0.1661.43, ms:edgeOptions: {debuggerAddress: localhost:65487}, msedge: {msedgedriverVersion: 111.0.1661.43 (b6e9cbf64f5a..., userDataDir: C:\Users\Thomas\AppData\Loc...}, networkConnectionEnabled: false, pageLoadStrategy: normal, platformName: WINDOWS, proxy: Proxy(), se:cdp: ws://localhost:65487/devtoo..., se:cdpVersion: 111.0.1661.43, setWindowRect: true, strictFileInteractability: false, timeouts: {implicit: 0, pageLoad: 300000, script: 30000}, unhandledPromptBehavior: dismiss and notify, webauthn:extension:credBlob: true, webauthn:extension:largeBlob: true, webauthn:extension:minPinLength: true, webauthn:extension:prf: true, webauthn:virtualAuthenticators: true}
Session ID: 72a60eb75ad6a528f0f1d3be38e8bb79
at sun.reflect.NativeConstructorAccessorImpl.newInstance0(Native Method)
at sun.reflect.NativeConstructorAccessorImpl.newInstance(NativeConstructorAccessorImpl.java:62)
at sun.reflect.DelegatingConstructorAccessorImpl.newInstance(DelegatingConstructorAccessorImpl.java:45)
at java.lang.reflect.Constructor.newInstance(Constructor.java:423)
at org.openqa.selenium.remote.codec.w3c.W3CHttpResponseCodec.createException(W3CHttpResponseCodec.java:200)
at org.openqa.selenium.remote.codec.w3c.W3CHttpResponseCodec.decode(W3CHttpResponseCodec.java:133)
at org.openqa.selenium.remote.codec.w3c.W3CHttpResponseCodec.decode(W3CHttpResponseCodec.java:53)
at org.openqa.selenium.remote.HttpCommandExecutor.execute(HttpCommandExecutor.java:184)
at org.openqa.selenium.remote.service.DriverCommandExecutor.invokeExecute(DriverCommandExecutor.java:167)
at org.openqa.selenium.remote.service.DriverCommandExecutor.execute(DriverCommandExecutor.java:142)
at org.openqa.selenium.remote.RemoteWebDriver.execute(RemoteWebDriver.java:535)
at org.openqa.selenium.remote.ElementLocation$ElementFinder$2.findElement(ElementLocation.java:162)
at org.openqa.selenium.remote.ElementLocation.findElement(ElementLocation.java:60)
at org.openqa.selenium.remote.RemoteWebDriver.findElement(RemoteWebDriver.java:351)
at org.openqa.selenium.remote.RemoteWebDriver.findElement(RemoteWebDriver.java:343)
at org.openqa.selenium.support.pagefactory.DefaultElementLocator.findElement(DefaultElementLocator.java:70)
at org.openqa.selenium.support.pagefactory.internal.LocatingElementHandler.invoke(LocatingElementHandler.java:39)
at com.sun.proxy.$Proxy17.findElements(Unknown Source)
at com.POS.Actions.Action.getRowCount(Action.java:580)
at com.POS.Testcases.VerifyProductPageTest.validateFilterBySupplier(VerifyProductPageTest.java:41)
at sun.reflect.NativeMethodAccessorImpl.invoke0(Native Method)
at sun.reflect.NativeMethodAccessorImpl.invoke(NativeMethodAccessorImpl.java:62)
at sun.reflect.DelegatingMethodAccessorImpl.invoke(DelegatingMethodAccessorImpl.java:43)
at java.lang.reflect.Method.invoke(Method.java:498)
at org.testng.internal.invokers.MethodInvocationHelper.invokeMethod(MethodInvocationHelper.java:135)
at org.testng.internal.invokers.TestInvoker.invokeMethod(TestInvoker.java:673)
at org.testng.internal.invokers.TestInvoker.invokeTestMethod(TestInvoker.java:220)
at org.testng.internal.invokers.MethodRunner.runInSequence(MethodRunner.java:50)
at org.testng.internal.invokers.TestInvoker$MethodInvocationAgent.invoke(TestInvoker.java:945)
at org.testng.internal.invokers.TestInvoker.invokeTestMethods(TestInvoker.java:193)
at org.testng.internal.invokers.TestMethodWorker.invokeTestMethods(TestMethodWorker.java:146)
at org.testng.internal.invokers.TestMethodWorker.run(TestMethodWorker.java:128)
at java.util.ArrayList.forEach(ArrayList.java:1257)
at org.testng.TestRunner.privateRun(TestRunner.java:808)
at org.testng.TestRunner.run(TestRunner.java:603)
at org.testng.SuiteRunner.runTest(SuiteRunner.java:429)
at org.testng.SuiteRunner.runSequentially(SuiteRunner.java:423)
at org.testng.SuiteRunner.privateRun(SuiteRunner.java:383)
at org.testng.SuiteRunner.run(SuiteRunner.java:326)
at org.testng.SuiteRunnerWorker.runSuite(SuiteRunnerWorker.java:52)
at org.testng.SuiteRunnerWorker.run(SuiteRunnerWorker.java:95)
at org.testng.TestNG.runSuitesSequentially(TestNG.java:1249)
at org.testng.TestNG.runSuitesLocally(TestNG.java:1169)
at org.testng.TestNG.runSuites(TestNG.java:1092)
at org.testng.TestNG.run(TestNG.java:1060)
at org.apache.maven.surefire.testng.TestNGExecutor.run(TestNGExecutor.java:324)
at org.apache.maven.surefire.testng.TestNGXmlTestSuite.execute(TestNGXmlTestSuite.java:74)
at org.apache.maven.surefire.testng.TestNGProvider.invoke(TestNGProvider.java:123)
at org.apache.maven.surefire.booter.ForkedBooter.runSuitesInProcess(ForkedBooter.java:456)
at org.apache.maven.surefire.booter.ForkedBooter.execute(ForkedBooter.java:169)
at org.apache.maven.surefire.booter.ForkedBooter.run(ForkedBooter.java:595)
at org.apache.maven.surefire.booter.ForkedBooter.main(ForkedBooter.java:581)
]]>
            </full-stacktrace>
          </exception> <!-- org.openqa.selenium.NoSuchElementException -->
          <reporter-output>
          </reporter-output>
        </test-method> <!-- validateFilterBySupplier -->
        <test-method status="PASS" signature="afterMethod()[pri:0, instance:com.POS.Testcases.VerifyProductPageTest@1fc2b765]" name="afterMethod" is-config="true" duration-ms="1102" started-at="2023-03-17T09:29:35 GST" finished-at="2023-03-17T09:29:36 GST">
          <reporter-output>
          </reporter-output>
        </test-method> <!-- afterMethod -->
        <test-method status="PASS" signature="beforeMethods(java.lang.String)[pri:0, instance:com.POS.Testcases.VerifyProductPageTest@1fc2b765]" name="beforeMethods" is-config="true" duration-ms="5161" started-at="2023-03-17T09:29:36 GST" finished-at="2023-03-17T09:29:41 GST">
          <params>
            <param index="0">
              <value>
                <![CDATA[Edge]]>
              </value>
            </param>
          </params>
          <reporter-output>
          </reporter-output>
        </test-method> <!-- beforeMethods -->
        <test-method status="FAIL" signature="validateFilterByPdtType()[pri:3, instance:com.POS.Testcases.VerifyProductPageTest@1fc2b765]" name="validateFilterByPdtType" duration-ms="71651" started-at="2023-03-17T09:29:41 GST" finished-at="2023-03-17T09:30:53 GST">
          <exception class="org.openqa.selenium.NoSuchElementException">
            <message>
              <![CDATA[no such element: Unable to locate element: {"method":"css selector","selector":"table[id='Table']"}
  (Session info: MicrosoftEdge=111.0.1661.43)
For documentation on this error, please visit: https://selenium.dev/exceptions/#no_such_element
Build info: version: '4.7.2', revision: '4d4020c3b7'
System info: os.name: 'Windows 10', os.arch: 'amd64', os.version: '10.0', java.version: '1.8.0_201'
Driver info: org.openqa.selenium.edge.EdgeDriver
Command: [37ae1db6ab900fee4af30af8be3fddeb, findElement {using=css selector, value=table[id='Table']}]
Capabilities {acceptInsecureCerts: false, browserName: msedge, browserVersion: 111.0.1661.43, ms:edgeOptions: {debuggerAddress: localhost:49173}, msedge: {msedgedriverVersion: 111.0.1661.43 (b6e9cbf64f5a..., userDataDir: C:\Users\Thomas\AppData\Loc...}, networkConnectionEnabled: false, pageLoadStrategy: normal, platformName: WINDOWS, proxy: Proxy(), se:cdp: ws://localhost:49173/devtoo..., se:cdpVersion: 111.0.1661.43, setWindowRect: true, strictFileInteractability: false, timeouts: {implicit: 0, pageLoad: 300000, script: 30000}, unhandledPromptBehavior: dismiss and notify, webauthn:extension:credBlob: true, webauthn:extension:largeBlob: true, webauthn:extension:minPinLength: true, webauthn:extension:prf: true, webauthn:virtualAuthenticators: true}
Session ID: 37ae1db6ab900fee4af30af8be3fddeb]]>
            </message>
            <full-stacktrace>
              <![CDATA[org.openqa.selenium.NoSuchElementException: no such element: Unable to locate element: {"method":"css selector","selector":"table[id='Table']"}
  (Session info: MicrosoftEdge=111.0.1661.43)
For documentation on this error, please visit: https://selenium.dev/exceptions/#no_such_element
Build info: version: '4.7.2', revision: '4d4020c3b7'
System info: os.name: 'Windows 10', os.arch: 'amd64', os.version: '10.0', java.version: '1.8.0_201'
Driver info: org.openqa.selenium.edge.EdgeDriver
Command: [37ae1db6ab900fee4af30af8be3fddeb, findElement {using=css selector, value=table[id='Table']}]
Capabilities {acceptInsecureCerts: false, browserName: msedge, browserVersion: 111.0.1661.43, ms:edgeOptions: {debuggerAddress: localhost:49173}, msedge: {msedgedriverVersion: 111.0.1661.43 (b6e9cbf64f5a..., userDataDir: C:\Users\Thomas\AppData\Loc...}, networkConnectionEnabled: false, pageLoadStrategy: normal, platformName: WINDOWS, proxy: Proxy(), se:cdp: ws://localhost:49173/devtoo..., se:cdpVersion: 111.0.1661.43, setWindowRect: true, strictFileInteractability: false, timeouts: {implicit: 0, pageLoad: 300000, script: 30000}, unhandledPromptBehavior: dismiss and notify, webauthn:extension:credBlob: true, webauthn:extension:largeBlob: true, webauthn:extension:minPinLength: true, webauthn:extension:prf: true, webauthn:virtualAuthenticators: true}
Session ID: 37ae1db6ab900fee4af30af8be3fddeb
at sun.reflect.NativeConstructorAccessorImpl.newInstance0(Native Method)
at sun.reflect.NativeConstructorAccessorImpl.newInstance(NativeConstructorAccessorImpl.java:62)
at sun.reflect.DelegatingConstructorAccessorImpl.newInstance(DelegatingConstructorAccessorImpl.java:45)
at java.lang.reflect.Constructor.newInstance(Constructor.java:423)
at org.openqa.selenium.remote.codec.w3c.W3CHttpResponseCodec.createException(W3CHttpResponseCodec.java:200)
at org.openqa.selenium.remote.codec.w3c.W3CHttpResponseCodec.decode(W3CHttpResponseCodec.java:133)
at org.openqa.selenium.remote.codec.w3c.W3CHttpResponseCodec.decode(W3CHttpResponseCodec.java:53)
at org.openqa.selenium.remote.HttpCommandExecutor.execute(HttpCommandExecutor.java:184)
at org.openqa.selenium.remote.service.DriverCommandExecutor.invokeExecute(DriverCommandExecutor.java:167)
at org.openqa.selenium.remote.service.DriverCommandExecutor.execute(DriverCommandExecutor.java:142)
at org.openqa.selenium.remote.RemoteWebDriver.execute(RemoteWebDriver.java:535)
at org.openqa.selenium.remote.ElementLocation$ElementFinder$2.findElement(ElementLocation.java:162)
at org.openqa.selenium.remote.ElementLocation.findElement(ElementLocation.java:60)
at org.openqa.selenium.remote.RemoteWebDriver.findElement(RemoteWebDriver.java:351)
at org.openqa.selenium.remote.RemoteWebDriver.findElement(RemoteWebDriver.java:343)
at org.openqa.selenium.support.pagefactory.DefaultElementLocator.findElement(DefaultElementLocator.java:70)
at org.openqa.selenium.support.pagefactory.internal.LocatingElementHandler.invoke(LocatingElementHandler.java:39)
at com.sun.proxy.$Proxy17.findElements(Unknown Source)
at com.POS.Actions.Action.getRowCount(Action.java:580)
at com.POS.Testcases.VerifyProductPageTest.validateFilterByPdtType(VerifyProductPageTest.java:56)
at sun.reflect.NativeMethodAccessorImpl.invoke0(Native Method)
at sun.reflect.NativeMethodAccessorImpl.invoke(NativeMethodAccessorImpl.java:62)
at sun.reflect.DelegatingMethodAccessorImpl.invoke(DelegatingMethodAccessorImpl.java:43)
at java.lang.reflect.Method.invoke(Method.java:498)
at org.testng.internal.invokers.MethodInvocationHelper.invokeMethod(MethodInvocationHelper.java:135)
at org.testng.internal.invokers.TestInvoker.invokeMethod(TestInvoker.java:673)
at org.testng.internal.invokers.TestInvoker.invokeTestMethod(TestInvoker.java:220)
at org.testng.internal.invokers.MethodRunner.runInSequence(MethodRunner.java:50)
at org.testng.internal.invokers.TestInvoker$MethodInvocationAgent.invoke(TestInvoker.java:945)
at org.testng.internal.invokers.TestInvoker.invokeTestMethods(TestInvoker.java:193)
at org.testng.internal.invokers.TestMethodWorker.invokeTestMethods(TestMethodWorker.java:146)
at org.testng.internal.invokers.TestMethodWorker.run(TestMethodWorker.java:128)
at java.util.ArrayList.forEach(ArrayList.java:1257)
at org.testng.TestRunner.privateRun(TestRunner.java:808)
at org.testng.TestRunner.run(TestRunner.java:603)
at org.testng.SuiteRunner.runTest(SuiteRunner.java:429)
at org.testng.SuiteRunner.runSequentially(SuiteRunner.java:423)
at org.testng.SuiteRunner.privateRun(SuiteRunner.java:383)
at org.testng.SuiteRunner.run(SuiteRunner.java:326)
at org.testng.SuiteRunnerWorker.runSuite(SuiteRunnerWorker.java:52)
at org.testng.SuiteRunnerWorker.run(SuiteRunnerWorker.java:95)
at org.testng.TestNG.runSuitesSequentially(TestNG.java:1249)
at org.testng.TestNG.runSuitesLocally(TestNG.java:1169)
at org.testng.TestNG.runSuites(TestNG.java:1092)
at org.testng.TestNG.run(TestNG.java:1060)
at org.apache.maven.surefire.testng.TestNGExecutor.run(TestNGExecutor.java:324)
at org.apache.maven.surefire.testng.TestNGXmlTestSuite.execute(TestNGXmlTestSuite.java:74)
at org.apache.maven.surefire.testng.TestNGProvider.invoke(TestNGProvider.java:123)
at org.apache.maven.surefire.booter.ForkedBooter.runSuitesInProcess(ForkedBooter.java:456)
at org.apache.maven.surefire.booter.ForkedBooter.execute(ForkedBooter.java:169)
at org.apache.maven.surefire.booter.ForkedBooter.run(ForkedBooter.java:595)
at org.apache.maven.surefire.booter.ForkedBooter.main(ForkedBooter.java:581)
]]>
            </full-stacktrace>
          </exception> <!-- org.openqa.selenium.NoSuchElementException -->
          <reporter-output>
          </reporter-output>
        </test-method> <!-- validateFilterByPdtType -->
        <test-method status="PASS" signature="afterMethod()[pri:0, instance:com.POS.Testcases.VerifyProductPageTest@1fc2b765]" name="afterMethod" is-config="true" duration-ms="848" started-at="2023-03-17T09:30:53 GST" finished-at="2023-03-17T09:30:54 GST">
          <reporter-output>
          </reporter-output>
        </test-method> <!-- afterMethod -->
        <test-method status="PASS" signature="beforeMethods(java.lang.String)[pri:0, instance:com.POS.Testcases.VerifyProductPageTest@1fc2b765]" name="beforeMethods" is-config="true" duration-ms="6376" started-at="2023-03-17T09:30:54 GST" finished-at="2023-03-17T09:31:00 GST">
          <params>
            <param index="0">
              <value>
                <![CDATA[Edge]]>
              </value>
            </param>
          </params>
          <reporter-output>
          </reporter-output>
        </test-method> <!-- beforeMethods -->
        <test-method status="PASS" signature="validateFilterBySupPdtType()[pri:4, instance:com.POS.Testcases.VerifyProductPageTest@1fc2b765]" name="validateFilterBySupPdtType" duration-ms="20261" started-at="2023-03-17T09:31:00 GST" finished-at="2023-03-17T09:31:20 GST">
          <reporter-output>
          </reporter-output>
        </test-method> <!-- validateFilterBySupPdtType -->
        <test-method status="PASS" signature="afterMethod()[pri:0, instance:com.POS.Testcases.VerifyProductPageTest@1fc2b765]" name="afterMethod" is-config="true" duration-ms="999" started-at="2023-03-17T09:31:20 GST" finished-at="2023-03-17T09:31:21 GST">
          <reporter-output>
          </reporter-output>
        </test-method> <!-- afterMethod -->
        <test-method status="PASS" signature="beforeMethods(java.lang.String)[pri:0, instance:com.POS.Testcases.VerifyProductPageTest@1fc2b765]" name="beforeMethods" is-config="true" duration-ms="8208" started-at="2023-03-17T09:31:21 GST" finished-at="2023-03-17T09:31:30 GST">
          <params>
            <param index="0">
              <value>
                <![CDATA[Edge]]>
              </value>
            </param>
          </params>
          <reporter-output>
          </reporter-output>
        </test-method> <!-- beforeMethods -->
        <test-method status="PASS" signature="validateDownloadCSV()[pri:5, instance:com.POS.Testcases.VerifyProductPageTest@1fc2b765]" name="validateDownloadCSV" duration-ms="8909" started-at="2023-03-17T09:31:30 GST" finished-at="2023-03-17T09:31:39 GST">
          <reporter-output>
          </reporter-output>
        </test-method> <!-- validateDownloadCSV -->
        <test-method status="PASS" signature="afterMethod()[pri:0, instance:com.POS.Testcases.VerifyProductPageTest@1fc2b765]" name="afterMethod" is-config="true" duration-ms="822" started-at="2023-03-17T09:31:39 GST" finished-at="2023-03-17T09:31:39 GST">
          <reporter-output>
          </reporter-output>
        </test-method> <!-- afterMethod -->
        <test-method status="PASS" signature="beforeMethods(java.lang.String)[pri:0, instance:com.POS.Testcases.VerifyProductPageTest@1fc2b765]" name="beforeMethods" is-config="true" duration-ms="6847" started-at="2023-03-17T09:31:39 GST" finished-at="2023-03-17T09:31:46 GST">
          <params>
            <param index="0">
              <value>
                <![CDATA[Edge]]>
              </value>
            </param>
          </params>
          <reporter-output>
          </reporter-output>
        </test-method> <!-- beforeMethods -->
        <test-method status="PASS" signature="validateUploadCSV()[pri:6, instance:com.POS.Testcases.VerifyProductPageTest@1fc2b765]" name="validateUploadCSV" duration-ms="12017" started-at="2023-03-17T09:31:46 GST" finished-at="2023-03-17T09:31:58 GST">
          <reporter-output>
          </reporter-output>
        </test-method> <!-- validateUploadCSV -->
        <test-method status="PASS" signature="afterMethod()[pri:0, instance:com.POS.Testcases.VerifyProductPageTest@1fc2b765]" name="afterMethod" is-config="true" duration-ms="750" started-at="2023-03-17T09:31:58 GST" finished-at="2023-03-17T09:31:59 GST">
          <reporter-output>
          </reporter-output>
        </test-method> <!-- afterMethod -->
        <test-method status="PASS" signature="beforeMethods(java.lang.String)[pri:0, instance:com.POS.Testcases.VerifyProductPageTest@1fc2b765]" name="beforeMethods" is-config="true" duration-ms="6660" started-at="2023-03-17T09:31:59 GST" finished-at="2023-03-17T09:32:06 GST">
          <params>
            <param index="0">
              <value>
                <![CDATA[Edge]]>
              </value>
            </param>
          </params>
          <reporter-output>
          </reporter-output>
        </test-method> <!-- beforeMethods -->
        <test-method status="PASS" signature="validatePrintMenu()[pri:7, instance:com.POS.Testcases.VerifyProductPageTest@1fc2b765]" name="validatePrintMenu" duration-ms="13669" started-at="2023-03-17T09:32:06 GST" finished-at="2023-03-17T09:32:19 GST">
          <reporter-output>
          </reporter-output>
        </test-method> <!-- validatePrintMenu -->
        <test-method status="PASS" signature="afterMethod()[pri:0, instance:com.POS.Testcases.VerifyProductPageTest@1fc2b765]" name="afterMethod" is-config="true" duration-ms="820" started-at="2023-03-17T09:32:19 GST" finished-at="2023-03-17T09:32:20 GST">
          <reporter-output>
          </reporter-output>
        </test-method> <!-- afterMethod -->
        <test-method status="PASS" signature="beforeMethods(java.lang.String)[pri:0, instance:com.POS.Testcases.VerifyProductPageTest@1fc2b765]" name="beforeMethods" is-config="true" duration-ms="8089" started-at="2023-03-17T09:32:20 GST" finished-at="2023-03-17T09:32:28 GST">
          <params>
            <param index="0">
              <value>
                <![CDATA[Edge]]>
              </value>
            </param>
          </params>
          <reporter-output>
          </reporter-output>
        </test-method> <!-- beforeMethods -->
        <test-method status="PASS" signature="validateAddProduct()[pri:8, instance:com.POS.Testcases.VerifyProductPageTest@1fc2b765]" name="validateAddProduct" duration-ms="36332" started-at="2023-03-17T09:32:28 GST" finished-at="2023-03-17T09:33:05 GST">
          <reporter-output>
          </reporter-output>
        </test-method> <!-- validateAddProduct -->
        <test-method status="PASS" signature="afterMethod()[pri:0, instance:com.POS.Testcases.VerifyProductPageTest@1fc2b765]" name="afterMethod" is-config="true" duration-ms="828" started-at="2023-03-17T09:33:05 GST" finished-at="2023-03-17T09:33:05 GST">
          <reporter-output>
          </reporter-output>
        </test-method> <!-- afterMethod -->
        <test-method status="PASS" signature="beforeMethods(java.lang.String)[pri:0, instance:com.POS.Testcases.VerifyProductPageTest@1fc2b765]" name="beforeMethods" is-config="true" duration-ms="6365" started-at="2023-03-17T09:33:05 GST" finished-at="2023-03-17T09:33:12 GST">
          <params>
            <param index="0">
              <value>
                <![CDATA[Edge]]>
              </value>
            </param>
          </params>
          <reporter-output>
          </reporter-output>
        </test-method> <!-- beforeMethods -->
        <test-method status="PASS" signature="validateSearchPdt()[pri:9, instance:com.POS.Testcases.VerifyProductPageTest@1fc2b765]" name="validateSearchPdt" duration-ms="7988" started-at="2023-03-17T09:33:12 GST" finished-at="2023-03-17T09:33:20 GST">
          <reporter-output>
          </reporter-output>
        </test-method> <!-- validateSearchPdt -->
        <test-method status="PASS" signature="afterMethod()[pri:0, instance:com.POS.Testcases.VerifyProductPageTest@1fc2b765]" name="afterMethod" is-config="true" duration-ms="776" started-at="2023-03-17T09:33:20 GST" finished-at="2023-03-17T09:33:21 GST">
          <reporter-output>
          </reporter-output>
        </test-method> <!-- afterMethod -->
      </class> <!-- com.POS.Testcases.VerifyProductPageTest -->
      <class name="com.POS.Testcases.VerifyUserLoginTest">
        <test-method status="PASS" signature="loadFiles()[pri:0, instance:com.POS.Testcases.VerifyUserLoginTest@32eebfca]" name="loadFiles" is-config="true" duration-ms="1035" started-at="2023-03-17T09:23:55 GST" finished-at="2023-03-17T09:23:56 GST">
          <reporter-output>
          </reporter-output>
        </test-method> <!-- loadFiles -->
        <test-method status="PASS" signature="loadConfig()[pri:0, instance:com.POS.Testcases.VerifyUserLoginTest@32eebfca]" name="loadConfig" is-config="true" duration-ms="42" started-at="2023-03-17T09:23:56 GST" finished-at="2023-03-17T09:23:56 GST">
          <reporter-output>
          </reporter-output>
        </test-method> <!-- loadConfig -->
        <test-method status="PASS" signature="beforeMethods(java.lang.String)[pri:0, instance:com.POS.Testcases.VerifyUserLoginTest@32eebfca]" name="beforeMethods" is-config="true" duration-ms="65415" started-at="2023-03-17T09:23:56 GST" finished-at="2023-03-17T09:25:01 GST">
          <params>
            <param index="0">
              <value>
                <![CDATA[Edge]]>
              </value>
            </param>
          </params>
          <reporter-output>
          </reporter-output>
        </test-method> <!-- beforeMethods -->
        <test-method status="PASS" signature="validateLogin()[pri:1, instance:com.POS.Testcases.VerifyUserLoginTest@32eebfca]" name="validateLogin" duration-ms="14392" started-at="2023-03-17T09:25:01 GST" finished-at="2023-03-17T09:25:16 GST">
          <reporter-output>
          </reporter-output>
        </test-method> <!-- validateLogin -->
        <test-method status="PASS" signature="afterMethod()[pri:0, instance:com.POS.Testcases.VerifyUserLoginTest@32eebfca]" name="afterMethod" is-config="true" duration-ms="6049" started-at="2023-03-17T09:25:16 GST" finished-at="2023-03-17T09:25:22 GST">
          <reporter-output>
          </reporter-output>
        </test-method> <!-- afterMethod -->
        <test-method status="PASS" signature="beforeMethods(java.lang.String)[pri:0, instance:com.POS.Testcases.VerifyUserLoginTest@32eebfca]" name="beforeMethods" is-config="true" duration-ms="19454" started-at="2023-03-17T09:25:22 GST" finished-at="2023-03-17T09:25:41 GST">
          <params>
            <param index="0">
              <value>
                <![CDATA[Edge]]>
              </value>
            </param>
          </params>
          <reporter-output>
          </reporter-output>
        </test-method> <!-- beforeMethods -->
        <test-method status="PASS" signature="validateAllLogin(java.lang.String,java.lang.String)[pri:2, instance:com.POS.Testcases.VerifyUserLoginTest@32eebfca]" name="validateAllLogin" duration-ms="1461" started-at="2023-03-17T09:25:41 GST" data-provider="getLoginUsers" finished-at="2023-03-17T09:25:43 GST">
          <params>
            <param index="0">
              <value>
                <![CDATA[InvalidUn]]>
              </value>
            </param>
            <param index="1">
              <value>
                <![CDATA[InvalidPw]]>
              </value>
            </param>
          </params>
          <reporter-output>
          </reporter-output>
        </test-method> <!-- validateAllLogin -->
        <test-method status="PASS" signature="afterMethod()[pri:0, instance:com.POS.Testcases.VerifyUserLoginTest@32eebfca]" name="afterMethod" is-config="true" duration-ms="913" started-at="2023-03-17T09:25:43 GST" finished-at="2023-03-17T09:25:44 GST">
          <reporter-output>
          </reporter-output>
        </test-method> <!-- afterMethod -->
        <test-method status="PASS" signature="beforeMethods(java.lang.String)[pri:0, instance:com.POS.Testcases.VerifyUserLoginTest@32eebfca]" name="beforeMethods" is-config="true" duration-ms="13689" started-at="2023-03-17T09:25:44 GST" finished-at="2023-03-17T09:25:57 GST">
          <params>
            <param index="0">
              <value>
                <![CDATA[Edge]]>
              </value>
            </param>
          </params>
          <reporter-output>
          </reporter-output>
        </test-method> <!-- beforeMethods -->
        <test-method status="PASS" signature="validateAllLogin(java.lang.String,java.lang.String)[pri:2, instance:com.POS.Testcases.VerifyUserLoginTest@32eebfca]" name="validateAllLogin" duration-ms="1684" started-at="2023-03-17T09:25:57 GST" data-provider="getLoginUsers" finished-at="2023-03-17T09:25:59 GST">
          <params>
            <param index="0">
              <value>
                <![CDATA[Admin]]>
              </value>
            </param>
            <param index="1">
              <value>
                <![CDATA[InvalidPw]]>
              </value>
            </param>
          </params>
          <reporter-output>
          </reporter-output>
        </test-method> <!-- validateAllLogin -->
        <test-method status="PASS" signature="afterMethod()[pri:0, instance:com.POS.Testcases.VerifyUserLoginTest@32eebfca]" name="afterMethod" is-config="true" duration-ms="846" started-at="2023-03-17T09:25:59 GST" finished-at="2023-03-17T09:26:00 GST">
          <reporter-output>
          </reporter-output>
        </test-method> <!-- afterMethod -->
        <test-method status="PASS" signature="beforeMethods(java.lang.String)[pri:0, instance:com.POS.Testcases.VerifyUserLoginTest@32eebfca]" name="beforeMethods" is-config="true" duration-ms="8834" started-at="2023-03-17T09:26:00 GST" finished-at="2023-03-17T09:26:09 GST">
          <params>
            <param index="0">
              <value>
                <![CDATA[Edge]]>
              </value>
            </param>
          </params>
          <reporter-output>
          </reporter-output>
        </test-method> <!-- beforeMethods -->
        <test-method status="PASS" signature="validateAllLogin(java.lang.String,java.lang.String)[pri:2, instance:com.POS.Testcases.VerifyUserLoginTest@32eebfca]" name="validateAllLogin" duration-ms="1618" started-at="2023-03-17T09:26:09 GST" data-provider="getLoginUsers" finished-at="2023-03-17T09:26:10 GST">
          <params>
            <param index="0">
              <value>
                <![CDATA[InvalidUn]]>
              </value>
            </param>
            <param index="1">
              <value>
                <![CDATA[password]]>
              </value>
            </param>
          </params>
          <reporter-output>
          </reporter-output>
        </test-method> <!-- validateAllLogin -->
        <test-method status="PASS" signature="afterMethod()[pri:0, instance:com.POS.Testcases.VerifyUserLoginTest@32eebfca]" name="afterMethod" is-config="true" duration-ms="800" started-at="2023-03-17T09:26:10 GST" finished-at="2023-03-17T09:26:11 GST">
          <reporter-output>
          </reporter-output>
        </test-method> <!-- afterMethod -->
        <test-method status="PASS" signature="tearDown()[pri:0, instance:com.POS.Testcases.VerifyUserLoginTest@32eebfca]" name="tearDown" is-config="true" duration-ms="735" started-at="2023-03-17T09:48:22 GST" finished-at="2023-03-17T09:48:23 GST">
          <reporter-output>
          </reporter-output>
        </test-method> <!-- tearDown -->
      </class> <!-- com.POS.Testcases.VerifyUserLoginTest -->
      <class name="com.POS.Testcases.VerifySettingsTest">
        <test-method status="PASS" signature="beforeMethods(java.lang.String)[pri:0, instance:com.POS.Testcases.VerifySettingsTest@17d0685f]" name="beforeMethods" is-config="true" duration-ms="4892" started-at="2023-03-17T09:45:34 GST" finished-at="2023-03-17T09:45:39 GST">
          <params>
            <param index="0">
              <value>
                <![CDATA[Edge]]>
              </value>
            </param>
          </params>
          <reporter-output>
          </reporter-output>
        </test-method> <!-- beforeMethods -->
        <test-method status="FAIL" signature="validateAddUser()[pri:1, instance:com.POS.Testcases.VerifySettingsTest@17d0685f]" name="validateAddUser" duration-ms="162164" started-at="2023-03-17T09:45:39 GST" finished-at="2023-03-17T09:48:21 GST">
          <exception class="org.openqa.selenium.NoSuchElementException">
            <message>
              <![CDATA[no such element: Unable to locate element: {"method":"xpath","selector":"//a[@href='#users']"}
  (Session info: MicrosoftEdge=111.0.1661.43)
For documentation on this error, please visit: https://selenium.dev/exceptions/#no_such_element
Build info: version: '4.7.2', revision: '4d4020c3b7'
System info: os.name: 'Windows 10', os.arch: 'amd64', os.version: '10.0', java.version: '1.8.0_201'
Driver info: org.openqa.selenium.edge.EdgeDriver
Command: [f70a51a769690ce6eaf3c5192c644c4f, findElement {using=xpath, value=//a[@href='#users']}]
Capabilities {acceptInsecureCerts: false, browserName: msedge, browserVersion: 111.0.1661.43, ms:edgeOptions: {debuggerAddress: localhost:50543}, msedge: {msedgedriverVersion: 111.0.1661.43 (b6e9cbf64f5a..., userDataDir: C:\Users\Thomas\AppData\Loc...}, networkConnectionEnabled: false, pageLoadStrategy: normal, platformName: WINDOWS, proxy: Proxy(), se:cdp: ws://localhost:50543/devtoo..., se:cdpVersion: 111.0.1661.43, setWindowRect: true, strictFileInteractability: false, timeouts: {implicit: 0, pageLoad: 300000, script: 30000}, unhandledPromptBehavior: dismiss and notify, webauthn:extension:credBlob: true, webauthn:extension:largeBlob: true, webauthn:extension:minPinLength: true, webauthn:extension:prf: true, webauthn:virtualAuthenticators: true}
Session ID: f70a51a769690ce6eaf3c5192c644c4f]]>
            </message>
            <full-stacktrace>
              <![CDATA[org.openqa.selenium.NoSuchElementException: no such element: Unable to locate element: {"method":"xpath","selector":"//a[@href='#users']"}
  (Session info: MicrosoftEdge=111.0.1661.43)
For documentation on this error, please visit: https://selenium.dev/exceptions/#no_such_element
Build info: version: '4.7.2', revision: '4d4020c3b7'
System info: os.name: 'Windows 10', os.arch: 'amd64', os.version: '10.0', java.version: '1.8.0_201'
Driver info: org.openqa.selenium.edge.EdgeDriver
Command: [f70a51a769690ce6eaf3c5192c644c4f, findElement {using=xpath, value=//a[@href='#users']}]
Capabilities {acceptInsecureCerts: false, browserName: msedge, browserVersion: 111.0.1661.43, ms:edgeOptions: {debuggerAddress: localhost:50543}, msedge: {msedgedriverVersion: 111.0.1661.43 (b6e9cbf64f5a..., userDataDir: C:\Users\Thomas\AppData\Loc...}, networkConnectionEnabled: false, pageLoadStrategy: normal, platformName: WINDOWS, proxy: Proxy(), se:cdp: ws://localhost:50543/devtoo..., se:cdpVersion: 111.0.1661.43, setWindowRect: true, strictFileInteractability: false, timeouts: {implicit: 0, pageLoad: 300000, script: 30000}, unhandledPromptBehavior: dismiss and notify, webauthn:extension:credBlob: true, webauthn:extension:largeBlob: true, webauthn:extension:minPinLength: true, webauthn:extension:prf: true, webauthn:virtualAuthenticators: true}
Session ID: f70a51a769690ce6eaf3c5192c644c4f
at sun.reflect.GeneratedConstructorAccessor42.newInstance(Unknown Source)
at sun.reflect.DelegatingConstructorAccessorImpl.newInstance(DelegatingConstructorAccessorImpl.java:45)
at java.lang.reflect.Constructor.newInstance(Constructor.java:423)
at org.openqa.selenium.remote.codec.w3c.W3CHttpResponseCodec.createException(W3CHttpResponseCodec.java:200)
at org.openqa.selenium.remote.codec.w3c.W3CHttpResponseCodec.decode(W3CHttpResponseCodec.java:133)
at org.openqa.selenium.remote.codec.w3c.W3CHttpResponseCodec.decode(W3CHttpResponseCodec.java:53)
at org.openqa.selenium.remote.HttpCommandExecutor.execute(HttpCommandExecutor.java:184)
at org.openqa.selenium.remote.service.DriverCommandExecutor.invokeExecute(DriverCommandExecutor.java:167)
at org.openqa.selenium.remote.service.DriverCommandExecutor.execute(DriverCommandExecutor.java:142)
at org.openqa.selenium.remote.RemoteWebDriver.execute(RemoteWebDriver.java:535)
at org.openqa.selenium.remote.ElementLocation$ElementFinder$2.findElement(ElementLocation.java:162)
at org.openqa.selenium.remote.ElementLocation.findElement(ElementLocation.java:60)
at org.openqa.selenium.remote.RemoteWebDriver.findElement(RemoteWebDriver.java:351)
at org.openqa.selenium.remote.RemoteWebDriver.findElement(RemoteWebDriver.java:343)
at org.openqa.selenium.support.pagefactory.DefaultElementLocator.findElement(DefaultElementLocator.java:70)
at org.openqa.selenium.support.pagefactory.internal.LocatingElementHandler.invoke(LocatingElementHandler.java:39)
at com.sun.proxy.$Proxy17.isDisplayed(Unknown Source)
at com.POS.Testcases.VerifySettingsTest.validateAddUser(VerifySettingsTest.java:31)
at sun.reflect.NativeMethodAccessorImpl.invoke0(Native Method)
at sun.reflect.NativeMethodAccessorImpl.invoke(NativeMethodAccessorImpl.java:62)
at sun.reflect.DelegatingMethodAccessorImpl.invoke(DelegatingMethodAccessorImpl.java:43)
at java.lang.reflect.Method.invoke(Method.java:498)
at org.testng.internal.invokers.MethodInvocationHelper.invokeMethod(MethodInvocationHelper.java:135)
at org.testng.internal.invokers.TestInvoker.invokeMethod(TestInvoker.java:673)
at org.testng.internal.invokers.TestInvoker.invokeTestMethod(TestInvoker.java:220)
at org.testng.internal.invokers.MethodRunner.runInSequence(MethodRunner.java:50)
at org.testng.internal.invokers.TestInvoker$MethodInvocationAgent.invoke(TestInvoker.java:945)
at org.testng.internal.invokers.TestInvoker.invokeTestMethods(TestInvoker.java:193)
at org.testng.internal.invokers.TestMethodWorker.invokeTestMethods(TestMethodWorker.java:146)
at org.testng.internal.invokers.TestMethodWorker.run(TestMethodWorker.java:128)
at java.util.ArrayList.forEach(ArrayList.java:1257)
at org.testng.TestRunner.privateRun(TestRunner.java:808)
at org.testng.TestRunner.run(TestRunner.java:603)
at org.testng.SuiteRunner.runTest(SuiteRunner.java:429)
at org.testng.SuiteRunner.runSequentially(SuiteRunner.java:423)
at org.testng.SuiteRunner.privateRun(SuiteRunner.java:383)
at org.testng.SuiteRunner.run(SuiteRunner.java:326)
at org.testng.SuiteRunnerWorker.runSuite(SuiteRunnerWorker.java:52)
at org.testng.SuiteRunnerWorker.run(SuiteRunnerWorker.java:95)
at org.testng.TestNG.runSuitesSequentially(TestNG.java:1249)
at org.testng.TestNG.runSuitesLocally(TestNG.java:1169)
at org.testng.TestNG.runSuites(TestNG.java:1092)
at org.testng.TestNG.run(TestNG.java:1060)
at org.apache.maven.surefire.testng.TestNGExecutor.run(TestNGExecutor.java:324)
at org.apache.maven.surefire.testng.TestNGXmlTestSuite.execute(TestNGXmlTestSuite.java:74)
at org.apache.maven.surefire.testng.TestNGProvider.invoke(TestNGProvider.java:123)
at org.apache.maven.surefire.booter.ForkedBooter.runSuitesInProcess(ForkedBooter.java:456)
at org.apache.maven.surefire.booter.ForkedBooter.execute(ForkedBooter.java:169)
at org.apache.maven.surefire.booter.ForkedBooter.run(ForkedBooter.java:595)
at org.apache.maven.surefire.booter.ForkedBooter.main(ForkedBooter.java:581)
]]>
            </full-stacktrace>
          </exception> <!-- org.openqa.selenium.NoSuchElementException -->
          <reporter-output>
          </reporter-output>
        </test-method> <!-- validateAddUser -->
        <test-method status="PASS" signature="afterMethod()[pri:0, instance:com.POS.Testcases.VerifySettingsTest@17d0685f]" name="afterMethod" is-config="true" duration-ms="890" started-at="2023-03-17T09:48:21 GST" finished-at="2023-03-17T09:48:22 GST">
          <reporter-output>
          </reporter-output>
        </test-method> <!-- afterMethod -->
      </class> <!-- com.POS.Testcases.VerifySettingsTest -->
    </test> <!-- Test -->
  </suite> <!-- RestaurantSuite -->
</testng-results>
